<?xml version="1.0" encoding="UTF-8"?>
<testsuite name="controller.CalculatorControllerImplTest" tests="1" skipped="0" failures="1" errors="0" timestamp="2025-06-02T22:33:27" hostname="abhis-mac-air-2.local" time="0.414">
  <properties/>
  <testcase name="execute()" classname="controller.CalculatorControllerImplTest" time="0.414">
    <failure message="java.lang.StackOverflowError" type="java.lang.StackOverflowError">java.lang.StackOverflowError
	at java.base/java.lang.System$2.decodeASCII(System.java:2502)
	at java.base/sun.nio.cs.UTF_8$Decoder.decodeArrayLoop(UTF_8.java:231)
	at java.base/sun.nio.cs.UTF_8$Decoder.decodeLoop(UTF_8.java:412)
	at java.base/java.nio.charset.CharsetDecoder.decode(CharsetDecoder.java:586)
	at org.gradle.internal.io.StreamByteBuffer.readAsCharBuffer(StreamByteBuffer.java:206)
	at org.gradle.internal.io.StreamByteBuffer.doReadAsString(StreamByteBuffer.java:166)
	at org.gradle.internal.io.StreamByteBuffer.readAsString(StreamByteBuffer.java:157)
	at org.gradle.internal.io.StreamByteBuffer.readAsString(StreamByteBuffer.java:152)
	at org.gradle.internal.io.LineBufferingOutputStream.flush(LineBufferingOutputStream.java:95)
	at org.gradle.internal.io.LineBufferingOutputStream.write(LineBufferingOutputStream.java:81)
	at java.base/java.io.OutputStream.write(OutputStream.java:167)
	at java.base/java.io.PrintStream.implWrite(PrintStream.java:643)
	at java.base/java.io.PrintStream.write(PrintStream.java:623)
	at java.base/sun.nio.cs.StreamEncoder.writeBytes(StreamEncoder.java:309)
	at java.base/sun.nio.cs.StreamEncoder.implFlushBuffer(StreamEncoder.java:405)
	at java.base/sun.nio.cs.StreamEncoder.lockedFlushBuffer(StreamEncoder.java:123)
	at java.base/sun.nio.cs.StreamEncoder.flushBuffer(StreamEncoder.java:110)
	at java.base/java.io.OutputStreamWriter.flushBuffer(OutputStreamWriter.java:192)
	at java.base/java.io.PrintStream.implWrite(PrintStream.java:812)
	at java.base/java.io.PrintStream.write(PrintStream.java:790)
	at java.base/java.io.PrintStream.print(PrintStream.java:1002)
	at org.gradle.internal.io.LinePerThreadBufferingOutputStream.println(LinePerThreadBufferingOutputStream.java:239)
	at controller.CalculatorControllerImpl.redoNextInput(CalculatorControllerImpl.java:66)
	at controller.CalculatorControllerImpl.redoNextInput(CalculatorControllerImpl.java:69)
	at controller.CalculatorControllerImpl.redoNextInput(CalculatorControllerImpl.java:69)
	at controller.CalculatorControllerImpl.redoNextInput(CalculatorControllerImpl.java:69)
	at controller.CalculatorControllerImpl.redoNextInput(CalculatorControllerImpl.java:69)
	at controller.CalculatorControllerImpl.redoNextInput(CalculatorControllerImpl.java:69)
	at controller.CalculatorControllerImpl.redoNextInput(CalculatorControllerImpl.java:69)
	at controller.CalculatorControllerImpl.redoNextInput(CalculatorControllerImpl.java:69)
	at controller.CalculatorControllerImpl.redoNextInput(CalculatorControllerImpl.java:69)
	at controller.CalculatorControllerImpl.redoNextInput(CalculatorControllerImpl.java:69)
	at controller.CalculatorControllerImpl.redoNextInput(CalculatorControllerImpl.java:69)
	at controller.CalculatorControllerImpl.redoNextInput(CalculatorControllerImpl.java:69)
	at controller.CalculatorControllerImpl.redoNextInput(CalculatorControllerImpl.java:69)
	at controller.CalculatorControllerImpl.redoNextInput(CalculatorControllerImpl.java:69)
	at controller.CalculatorControllerImpl.redoNextInput(CalculatorControllerImpl.java:69)
	at controller.CalculatorControllerImpl.redoNextInput(CalculatorControllerImpl.java:69)
	at controller.CalculatorControllerImpl.redoNextInput(CalculatorControllerImpl.java:69)
	at controller.CalculatorControllerImpl.redoNextInput(CalculatorControllerImpl.java:69)
	at controller.CalculatorControllerImpl.redoNextInput(CalculatorControllerImpl.java:69)
	at controller.CalculatorControllerImpl.redoNextInput(CalculatorControllerImpl.java:69)
	at controller.CalculatorControllerImpl.redoNextInput(CalculatorControllerImpl.java:69)
	at controller.CalculatorControllerImpl.redoNextInput(CalculatorControllerImpl.java:69)
	at controller.CalculatorControllerImpl.redoNextInput(CalculatorControllerImpl.java:69)
	at controller.CalculatorControllerImpl.redoNextInput(CalculatorControllerImpl.java:69)
	at controller.CalculatorControllerImpl.redoNextInput(CalculatorControllerImpl.java:69)
	at controller.CalculatorControllerImpl.redoNextInput(CalculatorControllerImpl.java:69)
	at controller.CalculatorControllerImpl.redoNextInput(CalculatorControllerImpl.java:69)
	at controller.CalculatorControllerImpl.redoNextInput(CalculatorControllerImpl.java:69)
	at controller.CalculatorControllerImpl.redoNextInput(CalculatorControllerImpl.java:69)
	at controller.CalculatorControllerImpl.redoNextInput(CalculatorControllerImpl.java:69)
	at controller.CalculatorControllerImpl.redoNextInput(CalculatorControllerImpl.java:69)
	at controller.CalculatorControllerImpl.redoNextInput(CalculatorControllerImpl.java:69)
	at controller.CalculatorControllerImpl.redoNextInput(CalculatorControllerImpl.java:69)
	at controller.CalculatorControllerImpl.redoNextInput(CalculatorControllerImpl.java:69)
	at controller.CalculatorControllerImpl.redoNextInput(CalculatorControllerImpl.java:69)
	at controller.CalculatorControllerImpl.redoNextInput(CalculatorControllerImpl.java:69)
	at controller.CalculatorControllerImpl.redoNextInput(CalculatorControllerImpl.java:69)
	at controller.CalculatorControllerImpl.redoNextInput(CalculatorControllerImpl.java:69)
	at controller.CalculatorControllerImpl.redoNextInput(CalculatorControllerImpl.java:69)
	at controller.CalculatorControllerImpl.redoNextInput(CalculatorControllerImpl.java:69)
	at controller.CalculatorControllerImpl.redoNextInput(CalculatorControllerImpl.java:69)
	at controller.CalculatorControllerImpl.redoNextInput(CalculatorControllerImpl.java:69)
	at controller.CalculatorControllerImpl.redoNextInput(CalculatorControllerImpl.java:69)
	at controller.CalculatorControllerImpl.redoNextInput(CalculatorControllerImpl.java:69)
	at controller.CalculatorControllerImpl.redoNextInput(CalculatorControllerImpl.java:69)
	at controller.CalculatorControllerImpl.redoNextInput(CalculatorControllerImpl.java:69)
	at controller.CalculatorControllerImpl.redoNextInput(CalculatorControllerImpl.java:69)
	at controller.CalculatorControllerImpl.redoNextInput(CalculatorControllerImpl.java:69)
	at controller.CalculatorControllerImpl.redoNextInput(CalculatorControllerImpl.java:69)
	at controller.CalculatorControllerImpl.redoNextInput(CalculatorControllerImpl.java:69)
	at controller.CalculatorControllerImpl.redoNextInput(CalculatorControllerImpl.java:69)
	at controller.CalculatorControllerImpl.redoNextInput(CalculatorControllerImpl.java:69)
	at controller.CalculatorControllerImpl.redoNextInput(CalculatorControllerImpl.java:69)
	at controller.CalculatorControllerImpl.redoNextInput(CalculatorControllerImpl.java:69)
	at controller.CalculatorControllerImpl.redoNextInput(CalculatorControllerImpl.java:69)
	at controller.CalculatorControllerImpl.redoNextInput(CalculatorControllerImpl.java:69)
	at controller.CalculatorControllerImpl.redoNextInput(CalculatorControllerImpl.java:69)
	at controller.CalculatorControllerImpl.redoNextInput(CalculatorControllerImpl.java:69)
	at controller.CalculatorControllerImpl.redoNextInput(CalculatorControllerImpl.java:69)
	at controller.CalculatorControllerImpl.redoNextInput(CalculatorControllerImpl.java:69)
	at controller.CalculatorControllerImpl.redoNextInput(CalculatorControllerImpl.java:69)
	at controller.CalculatorControllerImpl.redoNextInput(CalculatorControllerImpl.java:69)
	at controller.CalculatorControllerImpl.redoNextInput(CalculatorControllerImpl.java:69)
	at controller.CalculatorControllerImpl.redoNextInput(CalculatorControllerImpl.java:69)
	at controller.CalculatorControllerImpl.redoNextInput(CalculatorControllerImpl.java:69)
	at controller.CalculatorControllerImpl.redoNextInput(CalculatorControllerImpl.java:69)
	at controller.CalculatorControllerImpl.redoNextInput(CalculatorControllerImpl.java:69)
	at controller.CalculatorControllerImpl.redoNextInput(CalculatorControllerImpl.java:69)
	at controller.CalculatorControllerImpl.redoNextInput(CalculatorControllerImpl.java:69)
	at controller.CalculatorControllerImpl.redoNextInput(CalculatorControllerImpl.java:69)
	at controller.CalculatorControllerImpl.redoNextInput(CalculatorControllerImpl.java:69)
	at controller.CalculatorControllerImpl.redoNextInput(CalculatorControllerImpl.java:69)
	at controller.CalculatorControllerImpl.redoNextInput(CalculatorControllerImpl.java:69)
	at controller.CalculatorControllerImpl.redoNextInput(CalculatorControllerImpl.java:69)
	at controller.CalculatorControllerImpl.redoNextInput(CalculatorControllerImpl.java:69)
	at controller.CalculatorControllerImpl.redoNextInput(CalculatorControllerImpl.java:69)
	at controller.CalculatorControllerImpl.redoNextInput(CalculatorControllerImpl.java:69)
	at controller.CalculatorControllerImpl.redoNextInput(CalculatorControllerImpl.java:69)
	at controller.CalculatorControllerImpl.redoNextInput(CalculatorControllerImpl.java:69)
	at controller.CalculatorControllerImpl.redoNextInput(CalculatorControllerImpl.java:69)
	at controller.CalculatorControllerImpl.redoNextInput(CalculatorControllerImpl.java:69)
	at controller.CalculatorControllerImpl.redoNextInput(CalculatorControllerImpl.java:69)
	at controller.CalculatorControllerImpl.redoNextInput(CalculatorControllerImpl.java:69)
	at controller.CalculatorControllerImpl.redoNextInput(CalculatorControllerImpl.java:69)
	at controller.CalculatorControllerImpl.redoNextInput(CalculatorControllerImpl.java:69)
	at controller.CalculatorControllerImpl.redoNextInput(CalculatorControllerImpl.java:69)
	at controller.CalculatorControllerImpl.redoNextInput(CalculatorControllerImpl.java:69)
	at controller.CalculatorControllerImpl.redoNextInput(CalculatorControllerImpl.java:69)
	at controller.CalculatorControllerImpl.redoNextInput(CalculatorControllerImpl.java:69)
	at controller.CalculatorControllerImpl.redoNextInput(CalculatorControllerImpl.java:69)
	at controller.CalculatorControllerImpl.redoNextInput(CalculatorControllerImpl.java:69)
	at controller.CalculatorControllerImpl.redoNextInput(CalculatorControllerImpl.java:69)
	at controller.CalculatorControllerImpl.redoNextInput(CalculatorControllerImpl.java:69)
	at controller.CalculatorControllerImpl.redoNextInput(CalculatorControllerImpl.java:69)
	at controller.CalculatorControllerImpl.redoNextInput(CalculatorControllerImpl.java:69)
	at controller.CalculatorControllerImpl.redoNextInput(CalculatorControllerImpl.java:69)
	at controller.CalculatorControllerImpl.redoNextInput(CalculatorControllerImpl.java:69)
	at controller.CalculatorControllerImpl.redoNextInput(CalculatorControllerImpl.java:69)
	at controller.CalculatorControllerImpl.redoNextInput(CalculatorControllerImpl.java:69)
	at controller.CalculatorControllerImpl.redoNextInput(CalculatorControllerImpl.java:69)
	at controller.CalculatorControllerImpl.redoNextInput(CalculatorControllerImpl.java:69)
	at controller.CalculatorControllerImpl.redoNextInput(CalculatorControllerImpl.java:69)
	at controller.CalculatorControllerImpl.redoNextInput(CalculatorControllerImpl.java:69)
	at controller.CalculatorControllerImpl.redoNextInput(CalculatorControllerImpl.java:69)
	at controller.CalculatorControllerImpl.redoNextInput(CalculatorControllerImpl.java:69)
	at controller.CalculatorControllerImpl.redoNextInput(CalculatorControllerImpl.java:69)
	at controller.CalculatorControllerImpl.redoNextInput(CalculatorControllerImpl.java:69)
	at controller.CalculatorControllerImpl.redoNextInput(CalculatorControllerImpl.java:69)
	at controller.CalculatorControllerImpl.redoNextInput(CalculatorControllerImpl.java:69)
	at controller.CalculatorControllerImpl.redoNextInput(CalculatorControllerImpl.java:69)
	at controller.CalculatorControllerImpl.redoNextInput(CalculatorControllerImpl.java:69)
	at controller.CalculatorControllerImpl.redoNextInput(CalculatorControllerImpl.java:69)
	at controller.CalculatorControllerImpl.redoNextInput(CalculatorControllerImpl.java:69)
	at controller.CalculatorControllerImpl.redoNextInput(CalculatorControllerImpl.java:69)
	at controller.CalculatorControllerImpl.redoNextInput(CalculatorControllerImpl.java:69)
	at controller.CalculatorControllerImpl.redoNextInput(CalculatorControllerImpl.java:69)
	at controller.CalculatorControllerImpl.redoNextInput(CalculatorControllerImpl.java:69)
	at controller.CalculatorControllerImpl.redoNextInput(CalculatorControllerImpl.java:69)
	at controller.CalculatorControllerImpl.redoNextInput(CalculatorControllerImpl.java:69)
	at controller.CalculatorControllerImpl.redoNextInput(CalculatorControllerImpl.java:69)
	at controller.CalculatorControllerImpl.redoNextInput(CalculatorControllerImpl.java:69)
	at controller.CalculatorControllerImpl.redoNextInput(CalculatorControllerImpl.java:69)
	at controller.CalculatorControllerImpl.redoNextInput(CalculatorControllerImpl.java:69)
	at controller.CalculatorControllerImpl.redoNextInput(CalculatorControllerImpl.java:69)
	at controller.CalculatorControllerImpl.redoNextInput(CalculatorControllerImpl.java:69)
	at controller.CalculatorControllerImpl.redoNextInput(CalculatorControllerImpl.java:69)
	at controller.CalculatorControllerImpl.redoNextInput(CalculatorControllerImpl.java:69)
	at controller.CalculatorControllerImpl.redoNextInput(CalculatorControllerImpl.java:69)
	at controller.CalculatorControllerImpl.redoNextInput(CalculatorControllerImpl.java:69)
	at controller.CalculatorControllerImpl.redoNextInput(CalculatorControllerImpl.java:69)
	at controller.CalculatorControllerImpl.redoNextInput(CalculatorControllerImpl.java:69)
	at controller.CalculatorControllerImpl.redoNextInput(CalculatorControllerImpl.java:69)
	at controller.CalculatorControllerImpl.redoNextInput(CalculatorControllerImpl.java:69)
	at controller.CalculatorControllerImpl.redoNextInput(CalculatorControllerImpl.java:69)
	at controller.CalculatorControllerImpl.redoNextInput(CalculatorControllerImpl.java:69)
	at controller.CalculatorControllerImpl.redoNextInput(CalculatorControllerImpl.java:69)
	at controller.CalculatorControllerImpl.redoNextInput(CalculatorControllerImpl.java:69)
	at controller.CalculatorControllerImpl.redoNextInput(CalculatorControllerImpl.java:69)
	at controller.CalculatorControllerImpl.redoNextInput(CalculatorControllerImpl.java:69)
	at controller.CalculatorControllerImpl.redoNextInput(CalculatorControllerImpl.java:69)
	at controller.CalculatorControllerImpl.redoNextInput(CalculatorControllerImpl.java:69)
	at controller.CalculatorControllerImpl.redoNextInput(CalculatorControllerImpl.java:69)
	at controller.CalculatorControllerImpl.redoNextInput(CalculatorControllerImpl.java:69)
	at controller.CalculatorControllerImpl.redoNextInput(CalculatorControllerImpl.java:69)
	at controller.CalculatorControllerImpl.redoNextInput(CalculatorControllerImpl.java:69)
	at controller.CalculatorControllerImpl.redoNextInput(CalculatorControllerImpl.java:69)
	at controller.CalculatorControllerImpl.redoNextInput(CalculatorControllerImpl.java:69)
	at controller.CalculatorControllerImpl.redoNextInput(CalculatorControllerImpl.java:69)
	at controller.CalculatorControllerImpl.redoNextInput(CalculatorControllerImpl.java:69)
	at controller.CalculatorControllerImpl.redoNextInput(CalculatorControllerImpl.java:69)
	at controller.CalculatorControllerImpl.redoNextInput(CalculatorControllerImpl.java:69)
	at controller.CalculatorControllerImpl.redoNextInput(CalculatorControllerImpl.java:69)
	at controller.CalculatorControllerImpl.redoNextInput(CalculatorControllerImpl.java:69)
	at controller.CalculatorControllerImpl.redoNextInput(CalculatorControllerImpl.java:69)
	at controller.CalculatorControllerImpl.redoNextInput(CalculatorControllerImpl.java:69)
	at controller.CalculatorControllerImpl.redoNextInput(CalculatorControllerImpl.java:69)
	at controller.CalculatorControllerImpl.redoNextInput(CalculatorControllerImpl.java:69)
	at controller.CalculatorControllerImpl.redoNextInput(CalculatorControllerImpl.java:69)
	at controller.CalculatorControllerImpl.redoNextInput(CalculatorControllerImpl.java:69)
	at controller.CalculatorControllerImpl.redoNextInput(CalculatorControllerImpl.java:69)
	at controller.CalculatorControllerImpl.redoNextInput(CalculatorControllerImpl.java:69)
	at controller.CalculatorControllerImpl.redoNextInput(CalculatorControllerImpl.java:69)
	at controller.CalculatorControllerImpl.redoNextInput(CalculatorControllerImpl.java:69)
	at controller.CalculatorControllerImpl.redoNextInput(CalculatorControllerImpl.java:69)
	at controller.CalculatorControllerImpl.redoNextInput(CalculatorControllerImpl.java:69)
	at controller.CalculatorControllerImpl.redoNextInput(CalculatorControllerImpl.java:69)
	at controller.CalculatorControllerImpl.redoNextInput(CalculatorControllerImpl.java:69)
	at controller.CalculatorControllerImpl.redoNextInput(CalculatorControllerImpl.java:69)
	at controller.CalculatorControllerImpl.redoNextInput(CalculatorControllerImpl.java:69)
	at controller.CalculatorControllerImpl.redoNextInput(CalculatorControllerImpl.java:69)
	at controller.CalculatorControllerImpl.redoNextInput(CalculatorControllerImpl.java:69)
	at controller.CalculatorControllerImpl.redoNextInput(CalculatorControllerImpl.java:69)
	at controller.CalculatorControllerImpl.redoNextInput(CalculatorControllerImpl.java:69)
	at controller.CalculatorControllerImpl.redoNextInput(CalculatorControllerImpl.java:69)
	at controller.CalculatorControllerImpl.redoNextInput(CalculatorControllerImpl.java:69)
	at controller.CalculatorControllerImpl.redoNextInput(CalculatorControllerImpl.java:69)
	at controller.CalculatorControllerImpl.redoNextInput(CalculatorControllerImpl.java:69)
	at controller.CalculatorControllerImpl.redoNextInput(CalculatorControllerImpl.java:69)
	at controller.CalculatorControllerImpl.redoNextInput(CalculatorControllerImpl.java:69)
	at controller.CalculatorControllerImpl.redoNextInput(CalculatorControllerImpl.java:69)
	at controller.CalculatorControllerImpl.redoNextInput(CalculatorControllerImpl.java:69)
	at controller.CalculatorControllerImpl.redoNextInput(CalculatorControllerImpl.java:69)
	at controller.CalculatorControllerImpl.redoNextInput(CalculatorControllerImpl.java:69)
	at controller.CalculatorControllerImpl.redoNextInput(CalculatorControllerImpl.java:69)
	at controller.CalculatorControllerImpl.redoNextInput(CalculatorControllerImpl.java:69)
	at controller.CalculatorControllerImpl.redoNextInput(CalculatorControllerImpl.java:69)
	at controller.CalculatorControllerImpl.redoNextInput(CalculatorControllerImpl.java:69)
	at controller.CalculatorControllerImpl.redoNextInput(CalculatorControllerImpl.java:69)
	at controller.CalculatorControllerImpl.redoNextInput(CalculatorControllerImpl.java:69)
	at controller.CalculatorControllerImpl.redoNextInput(CalculatorControllerImpl.java:69)
	at controller.CalculatorControllerImpl.redoNextInput(CalculatorControllerImpl.java:69)
	at controller.CalculatorControllerImpl.redoNextInput(CalculatorControllerImpl.java:69)
	at controller.CalculatorControllerImpl.redoNextInput(CalculatorControllerImpl.java:69)
	at controller.CalculatorControllerImpl.redoNextInput(CalculatorControllerImpl.java:69)
	at controller.CalculatorControllerImpl.redoNextInput(CalculatorControllerImpl.java:69)
	at controller.CalculatorControllerImpl.redoNextInput(CalculatorControllerImpl.java:69)
	at controller.CalculatorControllerImpl.redoNextInput(CalculatorControllerImpl.java:69)
	at controller.CalculatorControllerImpl.redoNextInput(CalculatorControllerImpl.java:69)
	at controller.CalculatorControllerImpl.redoNextInput(CalculatorControllerImpl.java:69)
	at controller.CalculatorControllerImpl.redoNextInput(CalculatorControllerImpl.java:69)
	at controller.CalculatorControllerImpl.redoNextInput(CalculatorControllerImpl.java:69)
	at controller.CalculatorControllerImpl.redoNextInput(CalculatorControllerImpl.java:69)
	at controller.CalculatorControllerImpl.redoNextInput(CalculatorControllerImpl.java:69)
	at controller.CalculatorControllerImpl.redoNextInput(CalculatorControllerImpl.java:69)
	at controller.CalculatorControllerImpl.redoNextInput(CalculatorControllerImpl.java:69)
	at controller.CalculatorControllerImpl.redoNextInput(CalculatorControllerImpl.java:69)
	at controller.CalculatorControllerImpl.redoNextInput(CalculatorControllerImpl.java:69)
	at controller.CalculatorControllerImpl.redoNextInput(CalculatorControllerImpl.java:69)
	at controller.CalculatorControllerImpl.redoNextInput(CalculatorControllerImpl.java:69)
	at controller.CalculatorControllerImpl.redoNextInput(CalculatorControllerImpl.java:69)
	at controller.CalculatorControllerImpl.redoNextInput(CalculatorControllerImpl.java:69)
	at controller.CalculatorControllerImpl.redoNextInput(CalculatorControllerImpl.java:69)
	at controller.CalculatorControllerImpl.redoNextInput(CalculatorControllerImpl.java:69)
	at controller.CalculatorControllerImpl.redoNextInput(CalculatorControllerImpl.java:69)
	at controller.CalculatorControllerImpl.redoNextInput(CalculatorControllerImpl.java:69)
	at controller.CalculatorControllerImpl.redoNextInput(CalculatorControllerImpl.java:69)
	at controller.CalculatorControllerImpl.redoNextInput(CalculatorControllerImpl.java:69)
	at controller.CalculatorControllerImpl.redoNextInput(CalculatorControllerImpl.java:69)
	at controller.CalculatorControllerImpl.redoNextInput(CalculatorControllerImpl.java:69)
	at controller.CalculatorControllerImpl.redoNextInput(CalculatorControllerImpl.java:69)
	at controller.CalculatorControllerImpl.redoNextInput(CalculatorControllerImpl.java:69)
	at controller.CalculatorControllerImpl.redoNextInput(CalculatorControllerImpl.java:69)
	at controller.CalculatorControllerImpl.redoNextInput(CalculatorControllerImpl.java:69)
	at controller.CalculatorControllerImpl.redoNextInput(CalculatorControllerImpl.java:69)
	at controller.CalculatorControllerImpl.redoNextInput(CalculatorControllerImpl.java:69)
	at controller.CalculatorControllerImpl.redoNextInput(CalculatorControllerImpl.java:69)
	at controller.CalculatorControllerImpl.redoNextInput(CalculatorControllerImpl.java:69)
	at controller.CalculatorControllerImpl.redoNextInput(CalculatorControllerImpl.java:69)
	at controller.CalculatorControllerImpl.redoNextInput(CalculatorControllerImpl.java:69)
	at controller.CalculatorControllerImpl.redoNextInput(CalculatorControllerImpl.java:69)
	at controller.CalculatorControllerImpl.redoNextInput(CalculatorControllerImpl.java:69)
	at controller.CalculatorControllerImpl.redoNextInput(CalculatorControllerImpl.java:69)
	at controller.CalculatorControllerImpl.redoNextInput(CalculatorControllerImpl.java:69)
	at controller.CalculatorControllerImpl.redoNextInput(CalculatorControllerImpl.java:69)
	at controller.CalculatorControllerImpl.redoNextInput(CalculatorControllerImpl.java:69)
	at controller.CalculatorControllerImpl.redoNextInput(CalculatorControllerImpl.java:69)
	at controller.CalculatorControllerImpl.redoNextInput(CalculatorControllerImpl.java:69)
	at controller.CalculatorControllerImpl.redoNextInput(CalculatorControllerImpl.java:69)
	at controller.CalculatorControllerImpl.redoNextInput(CalculatorControllerImpl.java:69)
	at controller.CalculatorControllerImpl.redoNextInput(CalculatorControllerImpl.java:69)
	at controller.CalculatorControllerImpl.redoNextInput(CalculatorControllerImpl.java:69)
	at controller.CalculatorControllerImpl.redoNextInput(CalculatorControllerImpl.java:69)
	at controller.CalculatorControllerImpl.redoNextInput(CalculatorControllerImpl.java:69)
	at controller.CalculatorControllerImpl.redoNextInput(CalculatorControllerImpl.java:69)
	at controller.CalculatorControllerImpl.redoNextInput(CalculatorControllerImpl.java:69)
	at controller.CalculatorControllerImpl.redoNextInput(CalculatorControllerImpl.java:69)
	at controller.CalculatorControllerImpl.redoNextInput(CalculatorControllerImpl.java:69)
	at controller.CalculatorControllerImpl.redoNextInput(CalculatorControllerImpl.java:69)
	at controller.CalculatorControllerImpl.redoNextInput(CalculatorControllerImpl.java:69)
	at controller.CalculatorControllerImpl.redoNextInput(CalculatorControllerImpl.java:69)
	at controller.CalculatorControllerImpl.redoNextInput(CalculatorControllerImpl.java:69)
	at controller.CalculatorControllerImpl.redoNextInput(CalculatorControllerImpl.java:69)
	at controller.CalculatorControllerImpl.redoNextInput(CalculatorControllerImpl.java:69)
	at controller.CalculatorControllerImpl.redoNextInput(CalculatorControllerImpl.java:69)
	at controller.CalculatorControllerImpl.redoNextInput(CalculatorControllerImpl.java:69)
	at controller.CalculatorControllerImpl.redoNextInput(CalculatorControllerImpl.java:69)
	at controller.CalculatorControllerImpl.redoNextInput(CalculatorControllerImpl.java:69)
	at controller.CalculatorControllerImpl.redoNextInput(CalculatorControllerImpl.java:69)
	at controller.CalculatorControllerImpl.redoNextInput(CalculatorControllerImpl.java:69)
	at controller.CalculatorControllerImpl.redoNextInput(CalculatorControllerImpl.java:69)
	at controller.CalculatorControllerImpl.redoNextInput(CalculatorControllerImpl.java:69)
	at controller.CalculatorControllerImpl.redoNextInput(CalculatorControllerImpl.java:69)
	at controller.CalculatorControllerImpl.redoNextInput(CalculatorControllerImpl.java:69)
	at controller.CalculatorControllerImpl.redoNextInput(CalculatorControllerImpl.java:69)
	at controller.CalculatorControllerImpl.redoNextInput(CalculatorControllerImpl.java:69)
	at controller.CalculatorControllerImpl.redoNextInput(CalculatorControllerImpl.java:69)
	at controller.CalculatorControllerImpl.redoNextInput(CalculatorControllerImpl.java:69)
	at controller.CalculatorControllerImpl.redoNextInput(CalculatorControllerImpl.java:69)
	at controller.CalculatorControllerImpl.redoNextInput(CalculatorControllerImpl.java:69)
	at controller.CalculatorControllerImpl.redoNextInput(CalculatorControllerImpl.java:69)
	at controller.CalculatorControllerImpl.redoNextInput(CalculatorControllerImpl.java:69)
	at controller.CalculatorControllerImpl.redoNextInput(CalculatorControllerImpl.java:69)
	at controller.CalculatorControllerImpl.redoNextInput(CalculatorControllerImpl.java:69)
	at controller.CalculatorControllerImpl.redoNextInput(CalculatorControllerImpl.java:69)
	at controller.CalculatorControllerImpl.redoNextInput(CalculatorControllerImpl.java:69)
	at controller.CalculatorControllerImpl.redoNextInput(CalculatorControllerImpl.java:69)
	at controller.CalculatorControllerImpl.redoNextInput(CalculatorControllerImpl.java:69)
	at controller.CalculatorControllerImpl.redoNextInput(CalculatorControllerImpl.java:69)
	at controller.CalculatorControllerImpl.redoNextInput(CalculatorControllerImpl.java:69)
	at controller.CalculatorControllerImpl.redoNextInput(CalculatorControllerImpl.java:69)
	at controller.CalculatorControllerImpl.redoNextInput(CalculatorControllerImpl.java:69)
	at controller.CalculatorControllerImpl.redoNextInput(CalculatorControllerImpl.java:69)
	at controller.CalculatorControllerImpl.redoNextInput(CalculatorControllerImpl.java:69)
	at controller.CalculatorControllerImpl.redoNextInput(CalculatorControllerImpl.java:69)
	at controller.CalculatorControllerImpl.redoNextInput(CalculatorControllerImpl.java:69)
	at controller.CalculatorControllerImpl.redoNextInput(CalculatorControllerImpl.java:69)
	at controller.CalculatorControllerImpl.redoNextInput(CalculatorControllerImpl.java:69)
	at controller.CalculatorControllerImpl.redoNextInput(CalculatorControllerImpl.java:69)
	at controller.CalculatorControllerImpl.redoNextInput(CalculatorControllerImpl.java:69)
	at controller.CalculatorControllerImpl.redoNextInput(CalculatorControllerImpl.java:69)
	at controller.CalculatorControllerImpl.redoNextInput(CalculatorControllerImpl.java:69)
	at controller.CalculatorControllerImpl.redoNextInput(CalculatorControllerImpl.java:69)
	at controller.CalculatorControllerImpl.redoNextInput(CalculatorControllerImpl.java:69)
	at controller.CalculatorControllerImpl.redoNextInput(CalculatorControllerImpl.java:69)
	at controller.CalculatorControllerImpl.redoNextInput(CalculatorControllerImpl.java:69)
	at controller.CalculatorControllerImpl.redoNextInput(CalculatorControllerImpl.java:69)
	at controller.CalculatorControllerImpl.redoNextInput(CalculatorControllerImpl.java:69)
	at controller.CalculatorControllerImpl.redoNextInput(CalculatorControllerImpl.java:69)
	at controller.CalculatorControllerImpl.redoNextInput(CalculatorControllerImpl.java:69)
	at controller.CalculatorControllerImpl.redoNextInput(CalculatorControllerImpl.java:69)
	at controller.CalculatorControllerImpl.redoNextInput(CalculatorControllerImpl.java:69)
	at controller.CalculatorControllerImpl.redoNextInput(CalculatorControllerImpl.java:69)
	at controller.CalculatorControllerImpl.redoNextInput(CalculatorControllerImpl.java:69)
	at controller.CalculatorControllerImpl.redoNextInput(CalculatorControllerImpl.java:69)
	at controller.CalculatorControllerImpl.redoNextInput(CalculatorControllerImpl.java:69)
	at controller.CalculatorControllerImpl.redoNextInput(CalculatorControllerImpl.java:69)
	at controller.CalculatorControllerImpl.redoNextInput(CalculatorControllerImpl.java:69)
	at controller.CalculatorControllerImpl.redoNextInput(CalculatorControllerImpl.java:69)
	at controller.CalculatorControllerImpl.redoNextInput(CalculatorControllerImpl.java:69)
	at controller.CalculatorControllerImpl.redoNextInput(CalculatorControllerImpl.java:69)
	at controller.CalculatorControllerImpl.redoNextInput(CalculatorControllerImpl.java:69)
	at controller.CalculatorControllerImpl.redoNextInput(CalculatorControllerImpl.java:69)
	at controller.CalculatorControllerImpl.redoNextInput(CalculatorControllerImpl.java:69)
	at controller.CalculatorControllerImpl.redoNextInput(CalculatorControllerImpl.java:69)
	at controller.CalculatorControllerImpl.redoNextInput(CalculatorControllerImpl.java:69)
	at controller.CalculatorControllerImpl.redoNextInput(CalculatorControllerImpl.java:69)
	at controller.CalculatorControllerImpl.redoNextInput(CalculatorControllerImpl.java:69)
	at controller.CalculatorControllerImpl.redoNextInput(CalculatorControllerImpl.java:69)
	at controller.CalculatorControllerImpl.redoNextInput(CalculatorControllerImpl.java:69)
	at controller.CalculatorControllerImpl.redoNextInput(CalculatorControllerImpl.java:69)
	at controller.CalculatorControllerImpl.redoNextInput(CalculatorControllerImpl.java:69)
	at controller.CalculatorControllerImpl.redoNextInput(CalculatorControllerImpl.java:69)
	at controller.CalculatorControllerImpl.redoNextInput(CalculatorControllerImpl.java:69)
	at controller.CalculatorControllerImpl.redoNextInput(CalculatorControllerImpl.java:69)
	at controller.CalculatorControllerImpl.redoNextInput(CalculatorControllerImpl.java:69)
	at controller.CalculatorControllerImpl.redoNextInput(CalculatorControllerImpl.java:69)
	at controller.CalculatorControllerImpl.redoNextInput(CalculatorControllerImpl.java:69)
	at controller.CalculatorControllerImpl.redoNextInput(CalculatorControllerImpl.java:69)
	at controller.CalculatorControllerImpl.redoNextInput(CalculatorControllerImpl.java:69)
	at controller.CalculatorControllerImpl.redoNextInput(CalculatorControllerImpl.java:69)
	at controller.CalculatorControllerImpl.redoNextInput(CalculatorControllerImpl.java:69)
	at controller.CalculatorControllerImpl.redoNextInput(CalculatorControllerImpl.java:69)
	at controller.CalculatorControllerImpl.redoNextInput(CalculatorControllerImpl.java:69)
	at controller.CalculatorControllerImpl.redoNextInput(CalculatorControllerImpl.java:69)
	at controller.CalculatorControllerImpl.redoNextInput(CalculatorControllerImpl.java:69)
	at controller.CalculatorControllerImpl.redoNextInput(CalculatorControllerImpl.java:69)
	at controller.CalculatorControllerImpl.redoNextInput(CalculatorControllerImpl.java:69)
	at controller.CalculatorControllerImpl.redoNextInput(CalculatorControllerImpl.java:69)
	at controller.CalculatorControllerImpl.redoNextInput(CalculatorControllerImpl.java:69)
	at controller.CalculatorControllerImpl.redoNextInput(CalculatorControllerImpl.java:69)
	at controller.CalculatorControllerImpl.redoNextInput(CalculatorControllerImpl.java:69)
	at controller.CalculatorControllerImpl.redoNextInput(CalculatorControllerImpl.java:69)
	at controller.CalculatorControllerImpl.redoNextInput(CalculatorControllerImpl.java:69)
	at controller.CalculatorControllerImpl.redoNextInput(CalculatorControllerImpl.java:69)
	at controller.CalculatorControllerImpl.redoNextInput(CalculatorControllerImpl.java:69)
	at controller.CalculatorControllerImpl.redoNextInput(CalculatorControllerImpl.java:69)
	at controller.CalculatorControllerImpl.redoNextInput(CalculatorControllerImpl.java:69)
	at controller.CalculatorControllerImpl.redoNextInput(CalculatorControllerImpl.java:69)
	at controller.CalculatorControllerImpl.redoNextInput(CalculatorControllerImpl.java:69)
	at controller.CalculatorControllerImpl.redoNextInput(CalculatorControllerImpl.java:69)
	at controller.CalculatorControllerImpl.redoNextInput(CalculatorControllerImpl.java:69)
	at controller.CalculatorControllerImpl.redoNextInput(CalculatorControllerImpl.java:69)
	at controller.CalculatorControllerImpl.redoNextInput(CalculatorControllerImpl.java:69)
	at controller.CalculatorControllerImpl.redoNextInput(CalculatorControllerImpl.java:69)
	at controller.CalculatorControllerImpl.redoNextInput(CalculatorControllerImpl.java:69)
	at controller.CalculatorControllerImpl.redoNextInput(CalculatorControllerImpl.java:69)
	at controller.CalculatorControllerImpl.redoNextInput(CalculatorControllerImpl.java:69)
	at controller.CalculatorControllerImpl.redoNextInput(CalculatorControllerImpl.java:69)
	at controller.CalculatorControllerImpl.redoNextInput(CalculatorControllerImpl.java:69)
	at controller.CalculatorControllerImpl.redoNextInput(CalculatorControllerImpl.java:69)
	at controller.CalculatorControllerImpl.redoNextInput(CalculatorControllerImpl.java:69)
	at controller.CalculatorControllerImpl.redoNextInput(CalculatorControllerImpl.java:69)
	at controller.CalculatorControllerImpl.redoNextInput(CalculatorControllerImpl.java:69)
	at controller.CalculatorControllerImpl.redoNextInput(CalculatorControllerImpl.java:69)
	at controller.CalculatorControllerImpl.redoNextInput(CalculatorControllerImpl.java:69)
	at controller.CalculatorControllerImpl.redoNextInput(CalculatorControllerImpl.java:69)
	at controller.CalculatorControllerImpl.redoNextInput(CalculatorControllerImpl.java:69)
	at controller.CalculatorControllerImpl.redoNextInput(CalculatorControllerImpl.java:69)
	at controller.CalculatorControllerImpl.redoNextInput(CalculatorControllerImpl.java:69)
	at controller.CalculatorControllerImpl.redoNextInput(CalculatorControllerImpl.java:69)
	at controller.CalculatorControllerImpl.redoNextInput(CalculatorControllerImpl.java:69)
	at controller.CalculatorControllerImpl.redoNextInput(CalculatorControllerImpl.java:69)
	at controller.CalculatorControllerImpl.redoNextInput(CalculatorControllerImpl.java:69)
	at controller.CalculatorControllerImpl.redoNextInput(CalculatorControllerImpl.java:69)
	at controller.CalculatorControllerImpl.redoNextInput(CalculatorControllerImpl.java:69)
	at controller.CalculatorControllerImpl.redoNextInput(CalculatorControllerImpl.java:69)
	at controller.CalculatorControllerImpl.redoNextInput(CalculatorControllerImpl.java:69)
	at controller.CalculatorControllerImpl.redoNextInput(CalculatorControllerImpl.java:69)
	at controller.CalculatorControllerImpl.redoNextInput(CalculatorControllerImpl.java:69)
	at controller.CalculatorControllerImpl.redoNextInput(CalculatorControllerImpl.java:69)
	at controller.CalculatorControllerImpl.redoNextInput(CalculatorControllerImpl.java:69)
	at controller.CalculatorControllerImpl.redoNextInput(CalculatorControllerImpl.java:69)
	at controller.CalculatorControllerImpl.redoNextInput(CalculatorControllerImpl.java:69)
	at controller.CalculatorControllerImpl.redoNextInput(CalculatorControllerImpl.java:69)
	at controller.CalculatorControllerImpl.redoNextInput(CalculatorControllerImpl.java:69)
	at controller.CalculatorControllerImpl.redoNextInput(CalculatorControllerImpl.java:69)
	at controller.CalculatorControllerImpl.redoNextInput(CalculatorControllerImpl.java:69)
	at controller.CalculatorControllerImpl.redoNextInput(CalculatorControllerImpl.java:69)
	at controller.CalculatorControllerImpl.redoNextInput(CalculatorControllerImpl.java:69)
	at controller.CalculatorControllerImpl.redoNextInput(CalculatorControllerImpl.java:69)
	at controller.CalculatorControllerImpl.redoNextInput(CalculatorControllerImpl.java:69)
	at controller.CalculatorControllerImpl.redoNextInput(CalculatorControllerImpl.java:69)
	at controller.CalculatorControllerImpl.redoNextInput(CalculatorControllerImpl.java:69)
	at controller.CalculatorControllerImpl.redoNextInput(CalculatorControllerImpl.java:69)
	at controller.CalculatorControllerImpl.redoNextInput(CalculatorControllerImpl.java:69)
	at controller.CalculatorControllerImpl.redoNextInput(CalculatorControllerImpl.java:69)
	at controller.CalculatorControllerImpl.redoNextInput(CalculatorControllerImpl.java:69)
	at controller.CalculatorControllerImpl.redoNextInput(CalculatorControllerImpl.java:69)
	at controller.CalculatorControllerImpl.redoNextInput(CalculatorControllerImpl.java:69)
	at controller.CalculatorControllerImpl.redoNextInput(CalculatorControllerImpl.java:69)
	at controller.CalculatorControllerImpl.redoNextInput(CalculatorControllerImpl.java:69)
	at controller.CalculatorControllerImpl.redoNextInput(CalculatorControllerImpl.java:69)
	at controller.CalculatorControllerImpl.redoNextInput(CalculatorControllerImpl.java:69)
	at controller.CalculatorControllerImpl.redoNextInput(CalculatorControllerImpl.java:69)
	at controller.CalculatorControllerImpl.redoNextInput(CalculatorControllerImpl.java:69)
	at controller.CalculatorControllerImpl.redoNextInput(CalculatorControllerImpl.java:69)
	at controller.CalculatorControllerImpl.redoNextInput(CalculatorControllerImpl.java:69)
	at controller.CalculatorControllerImpl.redoNextInput(CalculatorControllerImpl.java:69)
	at controller.CalculatorControllerImpl.redoNextInput(CalculatorControllerImpl.java:69)
	at controller.CalculatorControllerImpl.redoNextInput(CalculatorControllerImpl.java:69)
	at controller.CalculatorControllerImpl.redoNextInput(CalculatorControllerImpl.java:69)
	at controller.CalculatorControllerImpl.redoNextInput(CalculatorControllerImpl.java:69)
	at controller.CalculatorControllerImpl.redoNextInput(CalculatorControllerImpl.java:69)
	at controller.CalculatorControllerImpl.redoNextInput(CalculatorControllerImpl.java:69)
	at controller.CalculatorControllerImpl.redoNextInput(CalculatorControllerImpl.java:69)
	at controller.CalculatorControllerImpl.redoNextInput(CalculatorControllerImpl.java:69)
	at controller.CalculatorControllerImpl.redoNextInput(CalculatorControllerImpl.java:69)
	at controller.CalculatorControllerImpl.redoNextInput(CalculatorControllerImpl.java:69)
	at controller.CalculatorControllerImpl.redoNextInput(CalculatorControllerImpl.java:69)
	at controller.CalculatorControllerImpl.redoNextInput(CalculatorControllerImpl.java:69)
	at controller.CalculatorControllerImpl.redoNextInput(CalculatorControllerImpl.java:69)
	at controller.CalculatorControllerImpl.redoNextInput(CalculatorControllerImpl.java:69)
	at controller.CalculatorControllerImpl.redoNextInput(CalculatorControllerImpl.java:69)
	at controller.CalculatorControllerImpl.redoNextInput(CalculatorControllerImpl.java:69)
	at controller.CalculatorControllerImpl.redoNextInput(CalculatorControllerImpl.java:69)
	at controller.CalculatorControllerImpl.redoNextInput(CalculatorControllerImpl.java:69)
	at controller.CalculatorControllerImpl.redoNextInput(CalculatorControllerImpl.java:69)
	at controller.CalculatorControllerImpl.redoNextInput(CalculatorControllerImpl.java:69)
	at controller.CalculatorControllerImpl.redoNextInput(CalculatorControllerImpl.java:69)
	at controller.CalculatorControllerImpl.redoNextInput(CalculatorControllerImpl.java:69)
	at controller.CalculatorControllerImpl.redoNextInput(CalculatorControllerImpl.java:69)
	at controller.CalculatorControllerImpl.redoNextInput(CalculatorControllerImpl.java:69)
	at controller.CalculatorControllerImpl.redoNextInput(CalculatorControllerImpl.java:69)
	at controller.CalculatorControllerImpl.redoNextInput(CalculatorControllerImpl.java:69)
	at controller.CalculatorControllerImpl.redoNextInput(CalculatorControllerImpl.java:69)
	at controller.CalculatorControllerImpl.redoNextInput(CalculatorControllerImpl.java:69)
	at controller.CalculatorControllerImpl.redoNextInput(CalculatorControllerImpl.java:69)
	at controller.CalculatorControllerImpl.redoNextInput(CalculatorControllerImpl.java:69)
	at controller.CalculatorControllerImpl.redoNextInput(CalculatorControllerImpl.java:69)
	at controller.CalculatorControllerImpl.redoNextInput(CalculatorControllerImpl.java:69)
	at controller.CalculatorControllerImpl.redoNextInput(CalculatorControllerImpl.java:69)
	at controller.CalculatorControllerImpl.redoNextInput(CalculatorControllerImpl.java:69)
	at controller.CalculatorControllerImpl.redoNextInput(CalculatorControllerImpl.java:69)
	at controller.CalculatorControllerImpl.redoNextInput(CalculatorControllerImpl.java:69)
	at controller.CalculatorControllerImpl.redoNextInput(CalculatorControllerImpl.java:69)
	at controller.CalculatorControllerImpl.redoNextInput(CalculatorControllerImpl.java:69)
	at controller.CalculatorControllerImpl.redoNextInput(CalculatorControllerImpl.java:69)
	at controller.CalculatorControllerImpl.redoNextInput(CalculatorControllerImpl.java:69)
	at controller.CalculatorControllerImpl.redoNextInput(CalculatorControllerImpl.java:69)
	at controller.CalculatorControllerImpl.redoNextInput(CalculatorControllerImpl.java:69)
	at controller.CalculatorControllerImpl.redoNextInput(CalculatorControllerImpl.java:69)
	at controller.CalculatorControllerImpl.redoNextInput(CalculatorControllerImpl.java:69)
	at controller.CalculatorControllerImpl.redoNextInput(CalculatorControllerImpl.java:69)
	at controller.CalculatorControllerImpl.redoNextInput(CalculatorControllerImpl.java:69)
	at controller.CalculatorControllerImpl.redoNextInput(CalculatorControllerImpl.java:69)
	at controller.CalculatorControllerImpl.redoNextInput(CalculatorControllerImpl.java:69)
	at controller.CalculatorControllerImpl.redoNextInput(CalculatorControllerImpl.java:69)
	at controller.CalculatorControllerImpl.redoNextInput(CalculatorControllerImpl.java:69)
	at controller.CalculatorControllerImpl.redoNextInput(CalculatorControllerImpl.java:69)
	at controller.CalculatorControllerImpl.redoNextInput(CalculatorControllerImpl.java:69)
	at controller.CalculatorControllerImpl.redoNextInput(CalculatorControllerImpl.java:69)
	at controller.CalculatorControllerImpl.redoNextInput(CalculatorControllerImpl.java:69)
	at controller.CalculatorControllerImpl.redoNextInput(CalculatorControllerImpl.java:69)
	at controller.CalculatorControllerImpl.redoNextInput(CalculatorControllerImpl.java:69)
	at controller.CalculatorControllerImpl.redoNextInput(CalculatorControllerImpl.java:69)
	at controller.CalculatorControllerImpl.redoNextInput(CalculatorControllerImpl.java:69)
	at controller.CalculatorControllerImpl.redoNextInput(CalculatorControllerImpl.java:69)
	at controller.CalculatorControllerImpl.redoNextInput(CalculatorControllerImpl.java:69)
	at controller.CalculatorControllerImpl.redoNextInput(CalculatorControllerImpl.java:69)
	at controller.CalculatorControllerImpl.redoNextInput(CalculatorControllerImpl.java:69)
	at controller.CalculatorControllerImpl.redoNextInput(CalculatorControllerImpl.java:69)
	at controller.CalculatorControllerImpl.redoNextInput(CalculatorControllerImpl.java:69)
	at controller.CalculatorControllerImpl.redoNextInput(CalculatorControllerImpl.java:69)
	at controller.CalculatorControllerImpl.redoNextInput(CalculatorControllerImpl.java:69)
	at controller.CalculatorControllerImpl.redoNextInput(CalculatorControllerImpl.java:69)
	at controller.CalculatorControllerImpl.redoNextInput(CalculatorControllerImpl.java:69)
	at controller.CalculatorControllerImpl.redoNextInput(CalculatorControllerImpl.java:69)
	at controller.CalculatorControllerImpl.redoNextInput(CalculatorControllerImpl.java:69)
	at controller.CalculatorControllerImpl.redoNextInput(CalculatorControllerImpl.java:69)
	at controller.CalculatorControllerImpl.redoNextInput(CalculatorControllerImpl.java:69)
	at controller.CalculatorControllerImpl.redoNextInput(CalculatorControllerImpl.java:69)
	at controller.CalculatorControllerImpl.redoNextInput(CalculatorControllerImpl.java:69)
	at controller.CalculatorControllerImpl.redoNextInput(CalculatorControllerImpl.java:69)
	at controller.CalculatorControllerImpl.redoNextInput(CalculatorControllerImpl.java:69)
	at controller.CalculatorControllerImpl.redoNextInput(CalculatorControllerImpl.java:69)
	at controller.CalculatorControllerImpl.redoNextInput(CalculatorControllerImpl.java:69)
	at controller.CalculatorControllerImpl.redoNextInput(CalculatorControllerImpl.java:69)
	at controller.CalculatorControllerImpl.redoNextInput(CalculatorControllerImpl.java:69)
	at controller.CalculatorControllerImpl.redoNextInput(CalculatorControllerImpl.java:69)
	at controller.CalculatorControllerImpl.redoNextInput(CalculatorControllerImpl.java:69)
	at controller.CalculatorControllerImpl.redoNextInput(CalculatorControllerImpl.java:69)
	at controller.CalculatorControllerImpl.redoNextInput(CalculatorControllerImpl.java:69)
	at controller.CalculatorControllerImpl.redoNextInput(CalculatorControllerImpl.java:69)
	at controller.CalculatorControllerImpl.redoNextInput(CalculatorControllerImpl.java:69)
	at controller.CalculatorControllerImpl.redoNextInput(CalculatorControllerImpl.java:69)
	at controller.CalculatorControllerImpl.redoNextInput(CalculatorControllerImpl.java:69)
	at controller.CalculatorControllerImpl.redoNextInput(CalculatorControllerImpl.java:69)
	at controller.CalculatorControllerImpl.redoNextInput(CalculatorControllerImpl.java:69)
	at controller.CalculatorControllerImpl.redoNextInput(CalculatorControllerImpl.java:69)
	at controller.CalculatorControllerImpl.redoNextInput(CalculatorControllerImpl.java:69)
	at controller.CalculatorControllerImpl.redoNextInput(CalculatorControllerImpl.java:69)
	at controller.CalculatorControllerImpl.redoNextInput(CalculatorControllerImpl.java:69)
	at controller.CalculatorControllerImpl.redoNextInput(CalculatorControllerImpl.java:69)
	at controller.CalculatorControllerImpl.redoNextInput(CalculatorControllerImpl.java:69)
	at controller.CalculatorControllerImpl.redoNextInput(CalculatorControllerImpl.java:69)
	at controller.CalculatorControllerImpl.redoNextInput(CalculatorControllerImpl.java:69)
	at controller.CalculatorControllerImpl.redoNextInput(CalculatorControllerImpl.java:69)
	at controller.CalculatorControllerImpl.redoNextInput(CalculatorControllerImpl.java:69)
	at controller.CalculatorControllerImpl.redoNextInput(CalculatorControllerImpl.java:69)
	at controller.CalculatorControllerImpl.redoNextInput(CalculatorControllerImpl.java:69)
	at controller.CalculatorControllerImpl.redoNextInput(CalculatorControllerImpl.java:69)
	at controller.CalculatorControllerImpl.redoNextInput(CalculatorControllerImpl.java:69)
	at controller.CalculatorControllerImpl.redoNextInput(CalculatorControllerImpl.java:69)
	at controller.CalculatorControllerImpl.redoNextInput(CalculatorControllerImpl.java:69)
	at controller.CalculatorControllerImpl.redoNextInput(CalculatorControllerImpl.java:69)
	at controller.CalculatorControllerImpl.redoNextInput(CalculatorControllerImpl.java:69)
	at controller.CalculatorControllerImpl.redoNextInput(CalculatorControllerImpl.java:69)
	at controller.CalculatorControllerImpl.redoNextInput(CalculatorControllerImpl.java:69)
	at controller.CalculatorControllerImpl.redoNextInput(CalculatorControllerImpl.java:69)
	at controller.CalculatorControllerImpl.redoNextInput(CalculatorControllerImpl.java:69)
	at controller.CalculatorControllerImpl.redoNextInput(CalculatorControllerImpl.java:69)
	at controller.CalculatorControllerImpl.redoNextInput(CalculatorControllerImpl.java:69)
	at controller.CalculatorControllerImpl.redoNextInput(CalculatorControllerImpl.java:69)
	at controller.CalculatorControllerImpl.redoNextInput(CalculatorControllerImpl.java:69)
	at controller.CalculatorControllerImpl.redoNextInput(CalculatorControllerImpl.java:69)
	at controller.CalculatorControllerImpl.redoNextInput(CalculatorControllerImpl.java:69)
	at controller.CalculatorControllerImpl.redoNextInput(CalculatorControllerImpl.java:69)
	at controller.CalculatorControllerImpl.redoNextInput(CalculatorControllerImpl.java:69)
	at controller.CalculatorControllerImpl.redoNextInput(CalculatorControllerImpl.java:69)
	at controller.CalculatorControllerImpl.redoNextInput(CalculatorControllerImpl.java:69)
	at controller.CalculatorControllerImpl.redoNextInput(CalculatorControllerImpl.java:69)
	at controller.CalculatorControllerImpl.redoNextInput(CalculatorControllerImpl.java:69)
	at controller.CalculatorControllerImpl.redoNextInput(CalculatorControllerImpl.java:69)
	at controller.CalculatorControllerImpl.redoNextInput(CalculatorControllerImpl.java:69)
	at controller.CalculatorControllerImpl.redoNextInput(CalculatorControllerImpl.java:69)
	at controller.CalculatorControllerImpl.redoNextInput(CalculatorControllerImpl.java:69)
	at controller.CalculatorControllerImpl.redoNextInput(CalculatorControllerImpl.java:69)
	at controller.CalculatorControllerImpl.redoNextInput(CalculatorControllerImpl.java:69)
	at controller.CalculatorControllerImpl.redoNextInput(CalculatorControllerImpl.java:69)
	at controller.CalculatorControllerImpl.redoNextInput(CalculatorControllerImpl.java:69)
	at controller.CalculatorControllerImpl.redoNextInput(CalculatorControllerImpl.java:69)
	at controller.CalculatorControllerImpl.redoNextInput(CalculatorControllerImpl.java:69)
	at controller.CalculatorControllerImpl.redoNextInput(CalculatorControllerImpl.java:69)
	at controller.CalculatorControllerImpl.redoNextInput(CalculatorControllerImpl.java:69)
	at controller.CalculatorControllerImpl.redoNextInput(CalculatorControllerImpl.java:69)
	at controller.CalculatorControllerImpl.redoNextInput(CalculatorControllerImpl.java:69)
	at controller.CalculatorControllerImpl.redoNextInput(CalculatorControllerImpl.java:69)
	at controller.CalculatorControllerImpl.redoNextInput(CalculatorControllerImpl.java:69)
	at controller.CalculatorControllerImpl.redoNextInput(CalculatorControllerImpl.java:69)
	at controller.CalculatorControllerImpl.redoNextInput(CalculatorControllerImpl.java:69)
	at controller.CalculatorControllerImpl.redoNextInput(CalculatorControllerImpl.java:69)
	at controller.CalculatorControllerImpl.redoNextInput(CalculatorControllerImpl.java:69)
	at controller.CalculatorControllerImpl.redoNextInput(CalculatorControllerImpl.java:69)
	at controller.CalculatorControllerImpl.redoNextInput(CalculatorControllerImpl.java:69)
	at controller.CalculatorControllerImpl.redoNextInput(CalculatorControllerImpl.java:69)
	at controller.CalculatorControllerImpl.redoNextInput(CalculatorControllerImpl.java:69)
	at controller.CalculatorControllerImpl.redoNextInput(CalculatorControllerImpl.java:69)
	at controller.CalculatorControllerImpl.redoNextInput(CalculatorControllerImpl.java:69)
	at controller.CalculatorControllerImpl.redoNextInput(CalculatorControllerImpl.java:69)
	at controller.CalculatorControllerImpl.redoNextInput(CalculatorControllerImpl.java:69)
	at controller.CalculatorControllerImpl.redoNextInput(CalculatorControllerImpl.java:69)
	at controller.CalculatorControllerImpl.redoNextInput(CalculatorControllerImpl.java:69)
	at controller.CalculatorControllerImpl.redoNextInput(CalculatorControllerImpl.java:69)
	at controller.CalculatorControllerImpl.redoNextInput(CalculatorControllerImpl.java:69)
	at controller.CalculatorControllerImpl.redoNextInput(CalculatorControllerImpl.java:69)
	at controller.CalculatorControllerImpl.redoNextInput(CalculatorControllerImpl.java:69)
	at controller.CalculatorControllerImpl.redoNextInput(CalculatorControllerImpl.java:69)
	at controller.CalculatorControllerImpl.redoNextInput(CalculatorControllerImpl.java:69)
	at controller.CalculatorControllerImpl.redoNextInput(CalculatorControllerImpl.java:69)
	at controller.CalculatorControllerImpl.redoNextInput(CalculatorControllerImpl.java:69)
	at controller.CalculatorControllerImpl.redoNextInput(CalculatorControllerImpl.java:69)
	at controller.CalculatorControllerImpl.redoNextInput(CalculatorControllerImpl.java:69)
	at controller.CalculatorControllerImpl.redoNextInput(CalculatorControllerImpl.java:69)
	at controller.CalculatorControllerImpl.redoNextInput(CalculatorControllerImpl.java:69)
	at controller.CalculatorControllerImpl.redoNextInput(CalculatorControllerImpl.java:69)
	at controller.CalculatorControllerImpl.redoNextInput(CalculatorControllerImpl.java:69)
	at controller.CalculatorControllerImpl.redoNextInput(CalculatorControllerImpl.java:69)
	at controller.CalculatorControllerImpl.redoNextInput(CalculatorControllerImpl.java:69)
	at controller.CalculatorControllerImpl.redoNextInput(CalculatorControllerImpl.java:69)
	at controller.CalculatorControllerImpl.redoNextInput(CalculatorControllerImpl.java:69)
	at controller.CalculatorControllerImpl.redoNextInput(CalculatorControllerImpl.java:69)
	at controller.CalculatorControllerImpl.redoNextInput(CalculatorControllerImpl.java:69)
	at controller.CalculatorControllerImpl.redoNextInput(CalculatorControllerImpl.java:69)
	at controller.CalculatorControllerImpl.redoNextInput(CalculatorControllerImpl.java:69)
	at controller.CalculatorControllerImpl.redoNextInput(CalculatorControllerImpl.java:69)
	at controller.CalculatorControllerImpl.redoNextInput(CalculatorControllerImpl.java:69)
	at controller.CalculatorControllerImpl.redoNextInput(CalculatorControllerImpl.java:69)
	at controller.CalculatorControllerImpl.redoNextInput(CalculatorControllerImpl.java:69)
	at controller.CalculatorControllerImpl.redoNextInput(CalculatorControllerImpl.java:69)
	at controller.CalculatorControllerImpl.redoNextInput(CalculatorControllerImpl.java:69)
	at controller.CalculatorControllerImpl.redoNextInput(CalculatorControllerImpl.java:69)
	at controller.CalculatorControllerImpl.redoNextInput(CalculatorControllerImpl.java:69)
	at controller.CalculatorControllerImpl.redoNextInput(CalculatorControllerImpl.java:69)
	at controller.CalculatorControllerImpl.redoNextInput(CalculatorControllerImpl.java:69)
	at controller.CalculatorControllerImpl.redoNextInput(CalculatorControllerImpl.java:69)
	at controller.CalculatorControllerImpl.redoNextInput(CalculatorControllerImpl.java:69)
	at controller.CalculatorControllerImpl.redoNextInput(CalculatorControllerImpl.java:69)
	at controller.CalculatorControllerImpl.redoNextInput(CalculatorControllerImpl.java:69)
	at controller.CalculatorControllerImpl.redoNextInput(CalculatorControllerImpl.java:69)
	at controller.CalculatorControllerImpl.redoNextInput(CalculatorControllerImpl.java:69)
	at controller.CalculatorControllerImpl.redoNextInput(CalculatorControllerImpl.java:69)
	at controller.CalculatorControllerImpl.redoNextInput(CalculatorControllerImpl.java:69)
	at controller.CalculatorControllerImpl.redoNextInput(CalculatorControllerImpl.java:69)
	at controller.CalculatorControllerImpl.redoNextInput(CalculatorControllerImpl.java:69)
	at controller.CalculatorControllerImpl.redoNextInput(CalculatorControllerImpl.java:69)
	at controller.CalculatorControllerImpl.redoNextInput(CalculatorControllerImpl.java:69)
	at controller.CalculatorControllerImpl.redoNextInput(CalculatorControllerImpl.java:69)
	at controller.CalculatorControllerImpl.redoNextInput(CalculatorControllerImpl.java:69)
	at controller.CalculatorControllerImpl.redoNextInput(CalculatorControllerImpl.java:69)
	at controller.CalculatorControllerImpl.redoNextInput(CalculatorControllerImpl.java:69)
	at controller.CalculatorControllerImpl.redoNextInput(CalculatorControllerImpl.java:69)
	at controller.CalculatorControllerImpl.redoNextInput(CalculatorControllerImpl.java:69)
	at controller.CalculatorControllerImpl.redoNextInput(CalculatorControllerImpl.java:69)
	at controller.CalculatorControllerImpl.redoNextInput(CalculatorControllerImpl.java:69)
	at controller.CalculatorControllerImpl.redoNextInput(CalculatorControllerImpl.java:69)
	at controller.CalculatorControllerImpl.redoNextInput(CalculatorControllerImpl.java:69)
	at controller.CalculatorControllerImpl.redoNextInput(CalculatorControllerImpl.java:69)
	at controller.CalculatorControllerImpl.redoNextInput(CalculatorControllerImpl.java:69)
	at controller.CalculatorControllerImpl.redoNextInput(CalculatorControllerImpl.java:69)
	at controller.CalculatorControllerImpl.redoNextInput(CalculatorControllerImpl.java:69)
	at controller.CalculatorControllerImpl.redoNextInput(CalculatorControllerImpl.java:69)
	at controller.CalculatorControllerImpl.redoNextInput(CalculatorControllerImpl.java:69)
	at controller.CalculatorControllerImpl.redoNextInput(CalculatorControllerImpl.java:69)
	at controller.CalculatorControllerImpl.redoNextInput(CalculatorControllerImpl.java:69)
	at controller.CalculatorControllerImpl.redoNextInput(CalculatorControllerImpl.java:69)
	at controller.CalculatorControllerImpl.redoNextInput(CalculatorControllerImpl.java:69)
	at controller.CalculatorControllerImpl.redoNextInput(CalculatorControllerImpl.java:69)
	at controller.CalculatorControllerImpl.redoNextInput(CalculatorControllerImpl.java:69)
	at controller.CalculatorControllerImpl.redoNextInput(CalculatorControllerImpl.java:69)
	at controller.CalculatorControllerImpl.redoNextInput(CalculatorControllerImpl.java:69)
	at controller.CalculatorControllerImpl.redoNextInput(CalculatorControllerImpl.java:69)
	at controller.CalculatorControllerImpl.redoNextInput(CalculatorControllerImpl.java:69)
	at controller.CalculatorControllerImpl.redoNextInput(CalculatorControllerImpl.java:69)
	at controller.CalculatorControllerImpl.redoNextInput(CalculatorControllerImpl.java:69)
	at controller.CalculatorControllerImpl.redoNextInput(CalculatorControllerImpl.java:69)
	at controller.CalculatorControllerImpl.redoNextInput(CalculatorControllerImpl.java:69)
	at controller.CalculatorControllerImpl.redoNextInput(CalculatorControllerImpl.java:69)
	at controller.CalculatorControllerImpl.redoNextInput(CalculatorControllerImpl.java:69)
	at controller.CalculatorControllerImpl.redoNextInput(CalculatorControllerImpl.java:69)
	at controller.CalculatorControllerImpl.redoNextInput(CalculatorControllerImpl.java:69)
	at controller.CalculatorControllerImpl.redoNextInput(CalculatorControllerImpl.java:69)
	at controller.CalculatorControllerImpl.redoNextInput(CalculatorControllerImpl.java:69)
	at controller.CalculatorControllerImpl.redoNextInput(CalculatorControllerImpl.java:69)
	at controller.CalculatorControllerImpl.redoNextInput(CalculatorControllerImpl.java:69)
	at controller.CalculatorControllerImpl.redoNextInput(CalculatorControllerImpl.java:69)
	at controller.CalculatorControllerImpl.redoNextInput(CalculatorControllerImpl.java:69)
	at controller.CalculatorControllerImpl.redoNextInput(CalculatorControllerImpl.java:69)
	at controller.CalculatorControllerImpl.redoNextInput(CalculatorControllerImpl.java:69)
	at controller.CalculatorControllerImpl.redoNextInput(CalculatorControllerImpl.java:69)
	at controller.CalculatorControllerImpl.redoNextInput(CalculatorControllerImpl.java:69)
	at controller.CalculatorControllerImpl.redoNextInput(CalculatorControllerImpl.java:69)
	at controller.CalculatorControllerImpl.redoNextInput(CalculatorControllerImpl.java:69)
	at controller.CalculatorControllerImpl.redoNextInput(CalculatorControllerImpl.java:69)
	at controller.CalculatorControllerImpl.redoNextInput(CalculatorControllerImpl.java:69)
	at controller.CalculatorControllerImpl.redoNextInput(CalculatorControllerImpl.java:69)
	at controller.CalculatorControllerImpl.redoNextInput(CalculatorControllerImpl.java:69)
	at controller.CalculatorControllerImpl.redoNextInput(CalculatorControllerImpl.java:69)
	at controller.CalculatorControllerImpl.redoNextInput(CalculatorControllerImpl.java:69)
	at controller.CalculatorControllerImpl.redoNextInput(CalculatorControllerImpl.java:69)
	at controller.CalculatorControllerImpl.redoNextInput(CalculatorControllerImpl.java:69)
	at controller.CalculatorControllerImpl.redoNextInput(CalculatorControllerImpl.java:69)
	at controller.CalculatorControllerImpl.redoNextInput(CalculatorControllerImpl.java:69)
	at controller.CalculatorControllerImpl.redoNextInput(CalculatorControllerImpl.java:69)
	at controller.CalculatorControllerImpl.redoNextInput(CalculatorControllerImpl.java:69)
	at controller.CalculatorControllerImpl.redoNextInput(CalculatorControllerImpl.java:69)
	at controller.CalculatorControllerImpl.redoNextInput(CalculatorControllerImpl.java:69)
	at controller.CalculatorControllerImpl.redoNextInput(CalculatorControllerImpl.java:69)
	at controller.CalculatorControllerImpl.redoNextInput(CalculatorControllerImpl.java:69)
	at controller.CalculatorControllerImpl.redoNextInput(CalculatorControllerImpl.java:69)
	at controller.CalculatorControllerImpl.redoNextInput(CalculatorControllerImpl.java:69)
	at controller.CalculatorControllerImpl.redoNextInput(CalculatorControllerImpl.java:69)
	at controller.CalculatorControllerImpl.redoNextInput(CalculatorControllerImpl.java:69)
	at controller.CalculatorControllerImpl.redoNextInput(CalculatorControllerImpl.java:69)
	at controller.CalculatorControllerImpl.redoNextInput(CalculatorControllerImpl.java:69)
	at controller.CalculatorControllerImpl.redoNextInput(CalculatorControllerImpl.java:69)
	at controller.CalculatorControllerImpl.redoNextInput(CalculatorControllerImpl.java:69)
	at controller.CalculatorControllerImpl.redoNextInput(CalculatorControllerImpl.java:69)
	at controller.CalculatorControllerImpl.redoNextInput(CalculatorControllerImpl.java:69)
	at controller.CalculatorControllerImpl.redoNextInput(CalculatorControllerImpl.java:69)
	at controller.CalculatorControllerImpl.redoNextInput(CalculatorControllerImpl.java:69)
	at controller.CalculatorControllerImpl.redoNextInput(CalculatorControllerImpl.java:69)
	at controller.CalculatorControllerImpl.redoNextInput(CalculatorControllerImpl.java:69)
	at controller.CalculatorControllerImpl.redoNextInput(CalculatorControllerImpl.java:69)
	at controller.CalculatorControllerImpl.redoNextInput(CalculatorControllerImpl.java:69)
	at controller.CalculatorControllerImpl.redoNextInput(CalculatorControllerImpl.java:69)
	at controller.CalculatorControllerImpl.redoNextInput(CalculatorControllerImpl.java:69)
	at controller.CalculatorControllerImpl.redoNextInput(CalculatorControllerImpl.java:69)
	at controller.CalculatorControllerImpl.redoNextInput(CalculatorControllerImpl.java:69)
	at controller.CalculatorControllerImpl.redoNextInput(CalculatorControllerImpl.java:69)
	at controller.CalculatorControllerImpl.redoNextInput(CalculatorControllerImpl.java:69)
	at controller.CalculatorControllerImpl.redoNextInput(CalculatorControllerImpl.java:69)
	at controller.CalculatorControllerImpl.redoNextInput(CalculatorControllerImpl.java:69)
	at controller.CalculatorControllerImpl.redoNextInput(CalculatorControllerImpl.java:69)
	at controller.CalculatorControllerImpl.redoNextInput(CalculatorControllerImpl.java:69)
	at controller.CalculatorControllerImpl.redoNextInput(CalculatorControllerImpl.java:69)
	at controller.CalculatorControllerImpl.redoNextInput(CalculatorControllerImpl.java:69)
	at controller.CalculatorControllerImpl.redoNextInput(CalculatorControllerImpl.java:69)
	at controller.CalculatorControllerImpl.redoNextInput(CalculatorControllerImpl.java:69)
	at controller.CalculatorControllerImpl.redoNextInput(CalculatorControllerImpl.java:69)
	at controller.CalculatorControllerImpl.redoNextInput(CalculatorControllerImpl.java:69)
	at controller.CalculatorControllerImpl.redoNextInput(CalculatorControllerImpl.java:69)
	at controller.CalculatorControllerImpl.redoNextInput(CalculatorControllerImpl.java:69)
	at controller.CalculatorControllerImpl.redoNextInput(CalculatorControllerImpl.java:69)
	at controller.CalculatorControllerImpl.redoNextInput(CalculatorControllerImpl.java:69)
	at controller.CalculatorControllerImpl.redoNextInput(CalculatorControllerImpl.java:69)
	at controller.CalculatorControllerImpl.redoNextInput(CalculatorControllerImpl.java:69)
	at controller.CalculatorControllerImpl.redoNextInput(CalculatorControllerImpl.java:69)
	at controller.CalculatorControllerImpl.redoNextInput(CalculatorControllerImpl.java:69)
	at controller.CalculatorControllerImpl.redoNextInput(CalculatorControllerImpl.java:69)
	at controller.CalculatorControllerImpl.redoNextInput(CalculatorControllerImpl.java:69)
	at controller.CalculatorControllerImpl.redoNextInput(CalculatorControllerImpl.java:69)
	at controller.CalculatorControllerImpl.redoNextInput(CalculatorControllerImpl.java:69)
	at controller.CalculatorControllerImpl.redoNextInput(CalculatorControllerImpl.java:69)
	at controller.CalculatorControllerImpl.redoNextInput(CalculatorControllerImpl.java:69)
	at controller.CalculatorControllerImpl.redoNextInput(CalculatorControllerImpl.java:69)
	at controller.CalculatorControllerImpl.redoNextInput(CalculatorControllerImpl.java:69)
	at controller.CalculatorControllerImpl.redoNextInput(CalculatorControllerImpl.java:69)
	at controller.CalculatorControllerImpl.redoNextInput(CalculatorControllerImpl.java:69)
	at controller.CalculatorControllerImpl.redoNextInput(CalculatorControllerImpl.java:69)
	at controller.CalculatorControllerImpl.redoNextInput(CalculatorControllerImpl.java:69)
	at controller.CalculatorControllerImpl.redoNextInput(CalculatorControllerImpl.java:69)
	at controller.CalculatorControllerImpl.redoNextInput(CalculatorControllerImpl.java:69)
	at controller.CalculatorControllerImpl.redoNextInput(CalculatorControllerImpl.java:69)
	at controller.CalculatorControllerImpl.redoNextInput(CalculatorControllerImpl.java:69)
	at controller.CalculatorControllerImpl.redoNextInput(CalculatorControllerImpl.java:69)
	at controller.CalculatorControllerImpl.redoNextInput(CalculatorControllerImpl.java:69)
	at controller.CalculatorControllerImpl.redoNextInput(CalculatorControllerImpl.java:69)
	at controller.CalculatorControllerImpl.redoNextInput(CalculatorControllerImpl.java:69)
	at controller.CalculatorControllerImpl.redoNextInput(CalculatorControllerImpl.java:69)
	at controller.CalculatorControllerImpl.redoNextInput(CalculatorControllerImpl.java:69)
	at controller.CalculatorControllerImpl.redoNextInput(CalculatorControllerImpl.java:69)
	at controller.CalculatorControllerImpl.redoNextInput(CalculatorControllerImpl.java:69)
	at controller.CalculatorControllerImpl.redoNextInput(CalculatorControllerImpl.java:69)
	at controller.CalculatorControllerImpl.redoNextInput(CalculatorControllerImpl.java:69)
	at controller.CalculatorControllerImpl.redoNextInput(CalculatorControllerImpl.java:69)
	at controller.CalculatorControllerImpl.redoNextInput(CalculatorControllerImpl.java:69)
	at controller.CalculatorControllerImpl.redoNextInput(CalculatorControllerImpl.java:69)
	at controller.CalculatorControllerImpl.redoNextInput(CalculatorControllerImpl.java:69)
	at controller.CalculatorControllerImpl.redoNextInput(CalculatorControllerImpl.java:69)
	at controller.CalculatorControllerImpl.redoNextInput(CalculatorControllerImpl.java:69)
	at controller.CalculatorControllerImpl.redoNextInput(CalculatorControllerImpl.java:69)
	at controller.CalculatorControllerImpl.redoNextInput(CalculatorControllerImpl.java:69)
	at controller.CalculatorControllerImpl.redoNextInput(CalculatorControllerImpl.java:69)
	at controller.CalculatorControllerImpl.redoNextInput(CalculatorControllerImpl.java:69)
	at controller.CalculatorControllerImpl.redoNextInput(CalculatorControllerImpl.java:69)
	at controller.CalculatorControllerImpl.redoNextInput(CalculatorControllerImpl.java:69)
	at controller.CalculatorControllerImpl.redoNextInput(CalculatorControllerImpl.java:69)
	at controller.CalculatorControllerImpl.redoNextInput(CalculatorControllerImpl.java:69)
	at controller.CalculatorControllerImpl.redoNextInput(CalculatorControllerImpl.java:69)
	at controller.CalculatorControllerImpl.redoNextInput(CalculatorControllerImpl.java:69)
	at controller.CalculatorControllerImpl.redoNextInput(CalculatorControllerImpl.java:69)
	at controller.CalculatorControllerImpl.redoNextInput(CalculatorControllerImpl.java:69)
	at controller.CalculatorControllerImpl.redoNextInput(CalculatorControllerImpl.java:69)
	at controller.CalculatorControllerImpl.redoNextInput(CalculatorControllerImpl.java:69)
	at controller.CalculatorControllerImpl.redoNextInput(CalculatorControllerImpl.java:69)
	at controller.CalculatorControllerImpl.redoNextInput(CalculatorControllerImpl.java:69)
	at controller.CalculatorControllerImpl.redoNextInput(CalculatorControllerImpl.java:69)
	at controller.CalculatorControllerImpl.redoNextInput(CalculatorControllerImpl.java:69)
	at controller.CalculatorControllerImpl.redoNextInput(CalculatorControllerImpl.java:69)
	at controller.CalculatorControllerImpl.redoNextInput(CalculatorControllerImpl.java:69)
	at controller.CalculatorControllerImpl.redoNextInput(CalculatorControllerImpl.java:69)
	at controller.CalculatorControllerImpl.redoNextInput(CalculatorControllerImpl.java:69)
	at controller.CalculatorControllerImpl.redoNextInput(CalculatorControllerImpl.java:69)
	at controller.CalculatorControllerImpl.redoNextInput(CalculatorControllerImpl.java:69)
	at controller.CalculatorControllerImpl.redoNextInput(CalculatorControllerImpl.java:69)
	at controller.CalculatorControllerImpl.redoNextInput(CalculatorControllerImpl.java:69)
	at controller.CalculatorControllerImpl.redoNextInput(CalculatorControllerImpl.java:69)
	at controller.CalculatorControllerImpl.redoNextInput(CalculatorControllerImpl.java:69)
	at controller.CalculatorControllerImpl.redoNextInput(CalculatorControllerImpl.java:69)
	at controller.CalculatorControllerImpl.redoNextInput(CalculatorControllerImpl.java:69)
	at controller.CalculatorControllerImpl.redoNextInput(CalculatorControllerImpl.java:69)
	at controller.CalculatorControllerImpl.redoNextInput(CalculatorControllerImpl.java:69)
	at controller.CalculatorControllerImpl.redoNextInput(CalculatorControllerImpl.java:69)
	at controller.CalculatorControllerImpl.redoNextInput(CalculatorControllerImpl.java:69)
	at controller.CalculatorControllerImpl.redoNextInput(CalculatorControllerImpl.java:69)
	at controller.CalculatorControllerImpl.redoNextInput(CalculatorControllerImpl.java:69)
	at controller.CalculatorControllerImpl.redoNextInput(CalculatorControllerImpl.java:69)
	at controller.CalculatorControllerImpl.redoNextInput(CalculatorControllerImpl.java:69)
	at controller.CalculatorControllerImpl.redoNextInput(CalculatorControllerImpl.java:69)
	at controller.CalculatorControllerImpl.redoNextInput(CalculatorControllerImpl.java:69)
	at controller.CalculatorControllerImpl.redoNextInput(CalculatorControllerImpl.java:69)
	at controller.CalculatorControllerImpl.redoNextInput(CalculatorControllerImpl.java:69)
	at controller.CalculatorControllerImpl.redoNextInput(CalculatorControllerImpl.java:69)
	at controller.CalculatorControllerImpl.redoNextInput(CalculatorControllerImpl.java:69)
	at controller.CalculatorControllerImpl.redoNextInput(CalculatorControllerImpl.java:69)
	at controller.CalculatorControllerImpl.redoNextInput(CalculatorControllerImpl.java:69)
	at controller.CalculatorControllerImpl.redoNextInput(CalculatorControllerImpl.java:69)
	at controller.CalculatorControllerImpl.redoNextInput(CalculatorControllerImpl.java:69)
	at controller.CalculatorControllerImpl.redoNextInput(CalculatorControllerImpl.java:69)
	at controller.CalculatorControllerImpl.redoNextInput(CalculatorControllerImpl.java:69)
	at controller.CalculatorControllerImpl.redoNextInput(CalculatorControllerImpl.java:69)
	at controller.CalculatorControllerImpl.redoNextInput(CalculatorControllerImpl.java:69)
	at controller.CalculatorControllerImpl.redoNextInput(CalculatorControllerImpl.java:69)
	at controller.CalculatorControllerImpl.redoNextInput(CalculatorControllerImpl.java:69)
	at controller.CalculatorControllerImpl.redoNextInput(CalculatorControllerImpl.java:69)
	at controller.CalculatorControllerImpl.redoNextInput(CalculatorControllerImpl.java:69)
	at controller.CalculatorControllerImpl.redoNextInput(CalculatorControllerImpl.java:69)
	at controller.CalculatorControllerImpl.redoNextInput(CalculatorControllerImpl.java:69)
	at controller.CalculatorControllerImpl.redoNextInput(CalculatorControllerImpl.java:69)
	at controller.CalculatorControllerImpl.redoNextInput(CalculatorControllerImpl.java:69)
	at controller.CalculatorControllerImpl.redoNextInput(CalculatorControllerImpl.java:69)
	at controller.CalculatorControllerImpl.redoNextInput(CalculatorControllerImpl.java:69)
	at controller.CalculatorControllerImpl.redoNextInput(CalculatorControllerImpl.java:69)
	at controller.CalculatorControllerImpl.redoNextInput(CalculatorControllerImpl.java:69)
	at controller.CalculatorControllerImpl.redoNextInput(CalculatorControllerImpl.java:69)
	at controller.CalculatorControllerImpl.redoNextInput(CalculatorControllerImpl.java:69)
	at controller.CalculatorControllerImpl.redoNextInput(CalculatorControllerImpl.java:69)
	at controller.CalculatorControllerImpl.redoNextInput(CalculatorControllerImpl.java:69)
	at controller.CalculatorControllerImpl.redoNextInput(CalculatorControllerImpl.java:69)
	at controller.CalculatorControllerImpl.redoNextInput(CalculatorControllerImpl.java:69)
	at controller.CalculatorControllerImpl.redoNextInput(CalculatorControllerImpl.java:69)
	at controller.CalculatorControllerImpl.redoNextInput(CalculatorControllerImpl.java:69)
	at controller.CalculatorControllerImpl.redoNextInput(CalculatorControllerImpl.java:69)
	at controller.CalculatorControllerImpl.redoNextInput(CalculatorControllerImpl.java:69)
	at controller.CalculatorControllerImpl.redoNextInput(CalculatorControllerImpl.java:69)
	at controller.CalculatorControllerImpl.redoNextInput(CalculatorControllerImpl.java:69)
	at controller.CalculatorControllerImpl.redoNextInput(CalculatorControllerImpl.java:69)
	at controller.CalculatorControllerImpl.redoNextInput(CalculatorControllerImpl.java:69)
	at controller.CalculatorControllerImpl.redoNextInput(CalculatorControllerImpl.java:69)
	at controller.CalculatorControllerImpl.redoNextInput(CalculatorControllerImpl.java:69)
	at controller.CalculatorControllerImpl.redoNextInput(CalculatorControllerImpl.java:69)
	at controller.CalculatorControllerImpl.redoNextInput(CalculatorControllerImpl.java:69)
	at controller.CalculatorControllerImpl.redoNextInput(CalculatorControllerImpl.java:69)
	at controller.CalculatorControllerImpl.redoNextInput(CalculatorControllerImpl.java:69)
	at controller.CalculatorControllerImpl.redoNextInput(CalculatorControllerImpl.java:69)
	at controller.CalculatorControllerImpl.redoNextInput(CalculatorControllerImpl.java:69)
	at controller.CalculatorControllerImpl.redoNextInput(CalculatorControllerImpl.java:69)
	at controller.CalculatorControllerImpl.redoNextInput(CalculatorControllerImpl.java:69)
	at controller.CalculatorControllerImpl.redoNextInput(CalculatorControllerImpl.java:69)
	at controller.CalculatorControllerImpl.redoNextInput(CalculatorControllerImpl.java:69)
	at controller.CalculatorControllerImpl.redoNextInput(CalculatorControllerImpl.java:69)
	at controller.CalculatorControllerImpl.redoNextInput(CalculatorControllerImpl.java:69)
	at controller.CalculatorControllerImpl.redoNextInput(CalculatorControllerImpl.java:69)
	at controller.CalculatorControllerImpl.redoNextInput(CalculatorControllerImpl.java:69)
	at controller.CalculatorControllerImpl.redoNextInput(CalculatorControllerImpl.java:69)
	at controller.CalculatorControllerImpl.redoNextInput(CalculatorControllerImpl.java:69)
	at controller.CalculatorControllerImpl.redoNextInput(CalculatorControllerImpl.java:69)
	at controller.CalculatorControllerImpl.redoNextInput(CalculatorControllerImpl.java:69)
	at controller.CalculatorControllerImpl.redoNextInput(CalculatorControllerImpl.java:69)
	at controller.CalculatorControllerImpl.redoNextInput(CalculatorControllerImpl.java:69)
	at controller.CalculatorControllerImpl.redoNextInput(CalculatorControllerImpl.java:69)
	at controller.CalculatorControllerImpl.redoNextInput(CalculatorControllerImpl.java:69)
	at controller.CalculatorControllerImpl.redoNextInput(CalculatorControllerImpl.java:69)
	at controller.CalculatorControllerImpl.redoNextInput(CalculatorControllerImpl.java:69)
	at controller.CalculatorControllerImpl.redoNextInput(CalculatorControllerImpl.java:69)
	at controller.CalculatorControllerImpl.redoNextInput(CalculatorControllerImpl.java:69)
	at controller.CalculatorControllerImpl.redoNextInput(CalculatorControllerImpl.java:69)
	at controller.CalculatorControllerImpl.redoNextInput(CalculatorControllerImpl.java:69)
	at controller.CalculatorControllerImpl.redoNextInput(CalculatorControllerImpl.java:69)
	at controller.CalculatorControllerImpl.redoNextInput(CalculatorControllerImpl.java:69)
	at controller.CalculatorControllerImpl.redoNextInput(CalculatorControllerImpl.java:69)
	at controller.CalculatorControllerImpl.redoNextInput(CalculatorControllerImpl.java:69)
	at controller.CalculatorControllerImpl.redoNextInput(CalculatorControllerImpl.java:69)
	at controller.CalculatorControllerImpl.redoNextInput(CalculatorControllerImpl.java:69)
	at controller.CalculatorControllerImpl.redoNextInput(CalculatorControllerImpl.java:69)
	at controller.CalculatorControllerImpl.redoNextInput(CalculatorControllerImpl.java:69)
	at controller.CalculatorControllerImpl.redoNextInput(CalculatorControllerImpl.java:69)
	at controller.CalculatorControllerImpl.redoNextInput(CalculatorControllerImpl.java:69)
	at controller.CalculatorControllerImpl.redoNextInput(CalculatorControllerImpl.java:69)
	at controller.CalculatorControllerImpl.redoNextInput(CalculatorControllerImpl.java:69)
	at controller.CalculatorControllerImpl.redoNextInput(CalculatorControllerImpl.java:69)
	at controller.CalculatorControllerImpl.redoNextInput(CalculatorControllerImpl.java:69)
	at controller.CalculatorControllerImpl.redoNextInput(CalculatorControllerImpl.java:69)
	at controller.CalculatorControllerImpl.redoNextInput(CalculatorControllerImpl.java:69)
	at controller.CalculatorControllerImpl.redoNextInput(CalculatorControllerImpl.java:69)
	at controller.CalculatorControllerImpl.redoNextInput(CalculatorControllerImpl.java:69)
	at controller.CalculatorControllerImpl.redoNextInput(CalculatorControllerImpl.java:69)
	at controller.CalculatorControllerImpl.redoNextInput(CalculatorControllerImpl.java:69)
	at controller.CalculatorControllerImpl.redoNextInput(CalculatorControllerImpl.java:69)
	at controller.CalculatorControllerImpl.redoNextInput(CalculatorControllerImpl.java:69)
	at controller.CalculatorControllerImpl.redoNextInput(CalculatorControllerImpl.java:69)
	at controller.CalculatorControllerImpl.redoNextInput(CalculatorControllerImpl.java:69)
	at controller.CalculatorControllerImpl.redoNextInput(CalculatorControllerImpl.java:69)
	at controller.CalculatorControllerImpl.redoNextInput(CalculatorControllerImpl.java:69)
	at controller.CalculatorControllerImpl.redoNextInput(CalculatorControllerImpl.java:69)
	at controller.CalculatorControllerImpl.redoNextInput(CalculatorControllerImpl.java:69)
	at controller.CalculatorControllerImpl.redoNextInput(CalculatorControllerImpl.java:69)
	at controller.CalculatorControllerImpl.redoNextInput(CalculatorControllerImpl.java:69)
	at controller.CalculatorControllerImpl.redoNextInput(CalculatorControllerImpl.java:69)
	at controller.CalculatorControllerImpl.redoNextInput(CalculatorControllerImpl.java:69)
	at controller.CalculatorControllerImpl.redoNextInput(CalculatorControllerImpl.java:69)
	at controller.CalculatorControllerImpl.redoNextInput(CalculatorControllerImpl.java:69)
	at controller.CalculatorControllerImpl.redoNextInput(CalculatorControllerImpl.java:69)
	at controller.CalculatorControllerImpl.redoNextInput(CalculatorControllerImpl.java:69)
[...]
Enter an input ("Q" for exit): No line found
Enter an input ("Q" for exit): No line found
Enter an input ("Q" for exit): No line found
Enter an input ("Q" for exit): No line found
Enter an input ("Q" for exit): No line found
Enter an input ("Q" for exit): No line found
Enter an input ("Q" for exit): No line found
Enter an input ("Q" for exit): No line found
Enter an input ("Q" for exit): No line found
Enter an input ("Q" for exit): No line found
Enter an input ("Q" for exit): No line found
Enter an input ("Q" for exit): No line found
Enter an input ("Q" for exit): No line found
Enter an input ("Q" for exit): No line found
Enter an input ("Q" for exit): No line found
Enter an input ("Q" for exit): No line found
Enter an input ("Q" for exit): No line found
Enter an input ("Q" for exit): No line found
Enter an input ("Q" for exit): No line found
Enter an input ("Q" for exit): No line found
Enter an input ("Q" for exit): No line found
Enter an input ("Q" for exit): No line found
Enter an input ("Q" for exit): No line found
Enter an input ("Q" for exit): No line found
Enter an input ("Q" for exit): No line found
Enter an input ("Q" for exit): No line found
Enter an input ("Q" for exit): No line found
Enter an input ("Q" for exit): No line found
Enter an input ("Q" for exit): No line found
Enter an input ("Q" for exit): No line found
Enter an input ("Q" for exit): No line found
Enter an input ("Q" for exit): No line found
Enter an input ("Q" for exit): No line found
Enter an input ("Q" for exit): No line found
Enter an input ("Q" for exit): No line found
Enter an input ("Q" for exit): No line found
Enter an input ("Q" for exit): No line found
Enter an input ("Q" for exit): No line found
Enter an input ("Q" for exit): No line found
Enter an input ("Q" for exit): No line found
Enter an input ("Q" for exit): No line found
Enter an input ("Q" for exit): No line found
Enter an input ("Q" for exit): No line found
Enter an input ("Q" for exit): No line found
Enter an input ("Q" for exit): No line found
Enter an input ("Q" for exit): No line found
Enter an input ("Q" for exit): No line found
Enter an input ("Q" for exit): No line found
Enter an input ("Q" for exit): No line found
Enter an input ("Q" for exit): No line found
Enter an input ("Q" for exit): No line found
Enter an input ("Q" for exit): No line found
Enter an input ("Q" for exit): No line found
Enter an input ("Q" for exit): No line found
Enter an input ("Q" for exit): No line found
Enter an input ("Q" for exit): No line found
Enter an input ("Q" for exit): No line found
Enter an input ("Q" for exit): No line found
Enter an input ("Q" for exit): No line found
Enter an input ("Q" for exit): No line found
Enter an input ("Q" for exit): No line found
Enter an input ("Q" for exit): No line found
Enter an input ("Q" for exit): No line found
Enter an input ("Q" for exit): No line found
Enter an input ("Q" for exit): No line found
Enter an input ("Q" for exit): No line found
Enter an input ("Q" for exit): No line found
Enter an input ("Q" for exit): No line found
Enter an input ("Q" for exit): No line found
Enter an input ("Q" for exit): No line found
Enter an input ("Q" for exit): No line found
Enter an input ("Q" for exit): No line found
Enter an input ("Q" for exit): No line found
Enter an input ("Q" for exit): No line found
Enter an input ("Q" for exit): No line found
Enter an input ("Q" for exit): No line found
Enter an input ("Q" for exit): No line found
Enter an input ("Q" for exit): No line found
Enter an input ("Q" for exit): No line found
Enter an input ("Q" for exit): No line found
Enter an input ("Q" for exit): No line found
Enter an input ("Q" for exit): No line found
Enter an input ("Q" for exit): No line found
Enter an input ("Q" for exit): No line found
Enter an input ("Q" for exit): No line found
Enter an input ("Q" for exit): No line found
Enter an input ("Q" for exit): No line found
Enter an input ("Q" for exit): No line found
Enter an input ("Q" for exit): No line found
Enter an input ("Q" for exit): No line found
Enter an input ("Q" for exit): No line found
Enter an input ("Q" for exit): No line found
Enter an input ("Q" for exit): No line found
Enter an input ("Q" for exit): No line found
Enter an input ("Q" for exit): No line found
Enter an input ("Q" for exit): No line found
Enter an input ("Q" for exit): No line found
Enter an input ("Q" for exit): No line found
Enter an input ("Q" for exit): No line found
Enter an input ("Q" for exit): No line found
Enter an input ("Q" for exit): No line found
Enter an input ("Q" for exit): No line found
Enter an input ("Q" for exit): No line found
Enter an input ("Q" for exit): No line found
Enter an input ("Q" for exit): No line found
Enter an input ("Q" for exit): No line found
Enter an input ("Q" for exit): No line found
Enter an input ("Q" for exit): No line found
Enter an input ("Q" for exit): No line found
Enter an input ("Q" for exit): No line found
Enter an input ("Q" for exit): No line found
Enter an input ("Q" for exit): No line found
Enter an input ("Q" for exit): No line found
Enter an input ("Q" for exit): No line found
Enter an input ("Q" for exit): No line found
Enter an input ("Q" for exit): No line found
Enter an input ("Q" for exit): No line found
Enter an input ("Q" for exit): No line found
Enter an input ("Q" for exit): No line found
Enter an input ("Q" for exit): No line found
Enter an input ("Q" for exit): No line found
Enter an input ("Q" for exit): No line found
Enter an input ("Q" for exit): No line found
Enter an input ("Q" for exit): No line found
Enter an input ("Q" for exit): No line found
Enter an input ("Q" for exit): No line found
Enter an input ("Q" for exit): No line found
Enter an input ("Q" for exit): No line found
Enter an input ("Q" for exit): No line found
Enter an input ("Q" for exit): No line found
Enter an input ("Q" for exit): No line found
Enter an input ("Q" for exit): No line found
Enter an input ("Q" for exit): No line found
Enter an input ("Q" for exit): No line found
Enter an input ("Q" for exit): No line found
Enter an input ("Q" for exit): No line found
Enter an input ("Q" for exit): No line found
Enter an input ("Q" for exit): No line found
Enter an input ("Q" for exit): No line found
Enter an input ("Q" for exit): No line found
Enter an input ("Q" for exit): No line found
Enter an input ("Q" for exit): No line found
Enter an input ("Q" for exit): No line found
Enter an input ("Q" for exit): No line found
Enter an input ("Q" for exit): No line found
Enter an input ("Q" for exit): No line found
Enter an input ("Q" for exit): No line found
Enter an input ("Q" for exit): No line found
Enter an input ("Q" for exit): No line found
Enter an input ("Q" for exit): No line found
Enter an input ("Q" for exit): No line found
Enter an input ("Q" for exit): No line found
Enter an input ("Q" for exit): No line found
Enter an input ("Q" for exit): No line found
Enter an input ("Q" for exit): No line found
Enter an input ("Q" for exit): No line found
Enter an input ("Q" for exit): No line found
Enter an input ("Q" for exit): No line found
Enter an input ("Q" for exit): No line found
Enter an input ("Q" for exit): No line found
Enter an input ("Q" for exit): No line found
Enter an input ("Q" for exit): No line found
Enter an input ("Q" for exit): No line found
Enter an input ("Q" for exit): No line found
Enter an input ("Q" for exit): No line found
Enter an input ("Q" for exit): No line found
Enter an input ("Q" for exit): No line found
Enter an input ("Q" for exit): No line found
Enter an input ("Q" for exit): No line found
Enter an input ("Q" for exit): No line found
Enter an input ("Q" for exit): No line found
Enter an input ("Q" for exit): No line found
Enter an input ("Q" for exit): No line found
Enter an input ("Q" for exit): No line found
Enter an input ("Q" for exit): No line found
Enter an input ("Q" for exit): No line found
Enter an input ("Q" for exit): No line found
Enter an input ("Q" for exit): No line found
Enter an input ("Q" for exit): No line found
Enter an input ("Q" for exit): No line found
Enter an input ("Q" for exit): No line found
Enter an input ("Q" for exit): No line found
Enter an input ("Q" for exit): No line found
Enter an input ("Q" for exit): No line found
Enter an input ("Q" for exit): No line found
Enter an input ("Q" for exit): No line found
Enter an input ("Q" for exit): No line found
Enter an input ("Q" for exit): No line found
Enter an input ("Q" for exit): No line found
Enter an input ("Q" for exit): No line found
Enter an input ("Q" for exit): No line found
Enter an input ("Q" for exit): No line found
Enter an input ("Q" for exit): No line found
Enter an input ("Q" for exit): No line found
Enter an input ("Q" for exit): No line found
Enter an input ("Q" for exit): No line found
Enter an input ("Q" for exit): No line found
Enter an input ("Q" for exit): No line found
Enter an input ("Q" for exit): No line found
Enter an input ("Q" for exit): No line found
Enter an input ("Q" for exit): No line found
Enter an input ("Q" for exit): No line found
Enter an input ("Q" for exit): No line found
Enter an input ("Q" for exit): No line found
Enter an input ("Q" for exit): No line found
Enter an input ("Q" for exit): No line found
Enter an input ("Q" for exit): No line found
Enter an input ("Q" for exit): No line found
Enter an input ("Q" for exit): No line found
Enter an input ("Q" for exit): No line found
Enter an input ("Q" for exit): No line found
Enter an input ("Q" for exit): No line found
Enter an input ("Q" for exit): No line found
Enter an input ("Q" for exit): No line found
Enter an input ("Q" for exit): No line found
Enter an input ("Q" for exit): No line found
Enter an input ("Q" for exit): No line found
Enter an input ("Q" for exit): No line found
Enter an input ("Q" for exit): No line found
Enter an input ("Q" for exit): No line found
Enter an input ("Q" for exit): No line found
Enter an input ("Q" for exit): No line found
Enter an input ("Q" for exit): No line found
Enter an input ("Q" for exit): No line found
Enter an input ("Q" for exit): No line found
Enter an input ("Q" for exit): No line found
Enter an input ("Q" for exit): No line found
Enter an input ("Q" for exit): No line found
Enter an input ("Q" for exit): No line found
Enter an input ("Q" for exit): No line found
Enter an input ("Q" for exit): No line found
Enter an input ("Q" for exit): No line found
Enter an input ("Q" for exit): No line found
Enter an input ("Q" for exit): No line found
Enter an input ("Q" for exit): No line found
Enter an input ("Q" for exit): No line found
Enter an input ("Q" for exit): No line found
Enter an input ("Q" for exit): No line found
Enter an input ("Q" for exit): No line found
Enter an input ("Q" for exit): No line found
Enter an input ("Q" for exit): No line found
Enter an input ("Q" for exit): No line found
Enter an input ("Q" for exit): No line found
Enter an input ("Q" for exit): No line found
Enter an input ("Q" for exit): No line found
Enter an input ("Q" for exit): No line found
Enter an input ("Q" for exit): No line found
Enter an input ("Q" for exit): No line found
Enter an input ("Q" for exit): No line found
Enter an input ("Q" for exit): No line found
Enter an input ("Q" for exit): No line found
Enter an input ("Q" for exit): No line found
Enter an input ("Q" for exit): No line found
Enter an input ("Q" for exit): No line found
Enter an input ("Q" for exit): No line found
Enter an input ("Q" for exit): No line found
Enter an input ("Q" for exit): No line found
Enter an input ("Q" for exit): No line found
Enter an input ("Q" for exit): No line found
Enter an input ("Q" for exit): No line found
Enter an input ("Q" for exit): No line found
Enter an input ("Q" for exit): No line found
Enter an input ("Q" for exit): No line found
Enter an input ("Q" for exit): No line found
Enter an input ("Q" for exit): No line found
Enter an input ("Q" for exit): No line found
Enter an input ("Q" for exit): No line found
Enter an input ("Q" for exit): No line found
Enter an input ("Q" for exit): No line found
Enter an input ("Q" for exit): No line found
Enter an input ("Q" for exit): No line found
Enter an input ("Q" for exit): No line found
Enter an input ("Q" for exit): No line found
Enter an input ("Q" for exit): No line found
Enter an input ("Q" for exit): No line found
Enter an input ("Q" for exit): No line found
Enter an input ("Q" for exit): No line found
Enter an input ("Q" for exit): No line found
Enter an input ("Q" for exit): No line found
Enter an input ("Q" for exit): No line found
Enter an input ("Q" for exit): No line found
Enter an input ("Q" for exit): No line found
Enter an input ("Q" for exit): No line found
Enter an input ("Q" for exit): No line found
Enter an input ("Q" for exit): No line found
Enter an input ("Q" for exit): No line found
Enter an input ("Q" for exit): No line found
Enter an input ("Q" for exit): No line found
Enter an input ("Q" for exit): No line found
Enter an input ("Q" for exit): No line found
Enter an input ("Q" for exit): No line found
Enter an input ("Q" for exit): No line found
Enter an input ("Q" for exit): No line found
Enter an input ("Q" for exit): No line found
Enter an input ("Q" for exit): No line found
Enter an input ("Q" for exit): No line found
Enter an input ("Q" for exit): No line found
Enter an input ("Q" for exit): No line found
Enter an input ("Q" for exit): No line found
Enter an input ("Q" for exit): No line found
Enter an input ("Q" for exit): No line found
Enter an input ("Q" for exit): No line found
Enter an input ("Q" for exit): No line found
Enter an input ("Q" for exit): No line found
Enter an input ("Q" for exit): No line found
Enter an input ("Q" for exit): No line found
Enter an input ("Q" for exit): No line found
Enter an input ("Q" for exit): No line found
Enter an input ("Q" for exit): No line found
Enter an input ("Q" for exit): No line found
Enter an input ("Q" for exit): No line found
Enter an input ("Q" for exit): No line found
Enter an input ("Q" for exit): No line found
Enter an input ("Q" for exit): No line found
Enter an input ("Q" for exit): No line found
Enter an input ("Q" for exit): No line found
Enter an input ("Q" for exit): No line found
Enter an input ("Q" for exit): No line found
Enter an input ("Q" for exit): No line found
Enter an input ("Q" for exit): No line found
Enter an input ("Q" for exit): No line found
Enter an input ("Q" for exit): No line found
Enter an input ("Q" for exit): No line found
Enter an input ("Q" for exit): No line found
Enter an input ("Q" for exit): No line found
Enter an input ("Q" for exit): No line found
Enter an input ("Q" for exit): No line found
Enter an input ("Q" for exit): No line found
Enter an input ("Q" for exit): No line found
Enter an input ("Q" for exit): No line found
Enter an input ("Q" for exit): No line found
Enter an input ("Q" for exit): No line found
Enter an input ("Q" for exit): No line found
Enter an input ("Q" for exit): No line found
Enter an input ("Q" for exit): No line found
Enter an input ("Q" for exit): No line found
Enter an input ("Q" for exit): No line found
Enter an input ("Q" for exit): No line found
Enter an input ("Q" for exit): No line found
Enter an input ("Q" for exit): No line found
Enter an input ("Q" for exit): No line found
Enter an input ("Q" for exit): No line found
Enter an input ("Q" for exit): No line found
Enter an input ("Q" for exit): No line found
Enter an input ("Q" for exit): No line found
Enter an input ("Q" for exit): No line found
Enter an input ("Q" for exit): No line found
Enter an input ("Q" for exit): No line found
Enter an input ("Q" for exit): No line found
Enter an input ("Q" for exit): No line found
Enter an input ("Q" for exit): No line found
Enter an input ("Q" for exit): No line found
Enter an input ("Q" for exit): No line found
Enter an input ("Q" for exit): No line found
Enter an input ("Q" for exit): No line found
Enter an input ("Q" for exit): No line found
Enter an input ("Q" for exit): No line found
Enter an input ("Q" for exit): No line found
Enter an input ("Q" for exit): No line found
Enter an input ("Q" for exit): No line found
Enter an input ("Q" for exit): No line found
Enter an input ("Q" for exit): No line found
Enter an input ("Q" for exit): No line found
Enter an input ("Q" for exit): No line found
Enter an input ("Q" for exit): No line found
Enter an input ("Q" for exit): No line found
Enter an input ("Q" for exit): No line found
Enter an input ("Q" for exit): No line found
Enter an input ("Q" for exit): No line found
Enter an input ("Q" for exit): No line found
Enter an input ("Q" for exit): No line found
Enter an input ("Q" for exit): No line found
Enter an input ("Q" for exit): No line found
Enter an input ("Q" for exit): No line found
Enter an input ("Q" for exit): No line found
Enter an input ("Q" for exit): No line found
Enter an input ("Q" for exit): No line found
Enter an input ("Q" for exit): No line found
Enter an input ("Q" for exit): No line found
Enter an input ("Q" for exit): No line found
Enter an input ("Q" for exit): No line found
Enter an input ("Q" for exit): No line found
Enter an input ("Q" for exit): No line found
Enter an input ("Q" for exit): No line found
Enter an input ("Q" for exit): No line found
Enter an input ("Q" for exit): No line found
Enter an input ("Q" for exit): No line found
Enter an input ("Q" for exit): No line found
Enter an input ("Q" for exit): No line found
Enter an input ("Q" for exit): No line found
Enter an input ("Q" for exit): No line found
Enter an input ("Q" for exit): No line found
Enter an input ("Q" for exit): No line found
Enter an input ("Q" for exit): No line found
Enter an input ("Q" for exit): No line found
Enter an input ("Q" for exit): No line found
Enter an input ("Q" for exit): No line found
Enter an input ("Q" for exit): No line found
Enter an input ("Q" for exit): No line found
Enter an input ("Q" for exit): No line found
Enter an input ("Q" for exit): No line found
Enter an input ("Q" for exit): No line found
Enter an input ("Q" for exit): No line found
Enter an input ("Q" for exit): No line found
Enter an input ("Q" for exit): No line found
Enter an input ("Q" for exit): No line found
Enter an input ("Q" for exit): No line found
Enter an input ("Q" for exit): No line found
Enter an input ("Q" for exit): No line found
Enter an input ("Q" for exit): No line found
Enter an input ("Q" for exit): No line found
Enter an input ("Q" for exit): No line found
Enter an input ("Q" for exit): No line found
Enter an input ("Q" for exit): No line found
Enter an input ("Q" for exit): No line found
Enter an input ("Q" for exit): No line found
Enter an input ("Q" for exit): No line found
Enter an input ("Q" for exit): No line found
Enter an input ("Q" for exit): No line found
Enter an input ("Q" for exit): No line found
Enter an input ("Q" for exit): No line found
Enter an input ("Q" for exit): No line found
Enter an input ("Q" for exit): No line found
Enter an input ("Q" for exit): No line found
Enter an input ("Q" for exit): No line found
Enter an input ("Q" for exit): No line found
Enter an input ("Q" for exit): No line found
Enter an input ("Q" for exit): No line found
Enter an input ("Q" for exit): No line found
Enter an input ("Q" for exit): No line found
Enter an input ("Q" for exit): No line found
Enter an input ("Q" for exit): No line found
Enter an input ("Q" for exit): No line found
Enter an input ("Q" for exit): No line found
Enter an input ("Q" for exit): No line found
Enter an input ("Q" for exit): No line found
Enter an input ("Q" for exit): No line found
Enter an input ("Q" for exit): No line found
Enter an input ("Q" for exit): No line found
Enter an input ("Q" for exit): No line found
Enter an input ("Q" for exit): No line found
Enter an input ("Q" for exit): No line found
]]></system-out>
  <system-err><![CDATA[]]></system-err>
</testsuite>
